Using pre-set license
Built from '6000.0/staging' branch; Version is '6000.0.34f1 (5ab2d9ed9190) revision 5944025'; Using compiler version '193933523'; Build Type 'Release'
OS: 'Windows 11  (10.0.26100) 64bit Education' Language: 'en' Physical Memory: 32131 MB
BatchMode: 1, IsHumanControllingUs: 0, StartBugReporterOnCrash: 0, Is64bit: 1, IsPro: 1

COMMAND LINE ARGUMENTS:
C:\Program Files\Unity\Hub\Editor\6000.0.34f1\Editor\Unity.exe
-adb2
-batchMode
-noUpm
-name
AssetImportWorker0
-projectPath
C:/Users/knafi/ClassProject2025
-logFile
Logs/AssetImportWorker0.log
-srvPort
61215
-job-worker-count
5
-background-job-worker-count
8
-gc-helper-count
1
Successfully changed project path to: C:/Users/knafi/ClassProject2025
C:/Users/knafi/ClassProject2025
[UnityMemory] Configuration Parameters - Can be set up in boot.config
    "memorysetup-bucket-allocator-granularity=16"
    "memorysetup-bucket-allocator-bucket-count=8"
    "memorysetup-bucket-allocator-block-size=33554432"
    "memorysetup-bucket-allocator-block-count=8"
    "memorysetup-main-allocator-block-size=16777216"
    "memorysetup-thread-allocator-block-size=16777216"
    "memorysetup-gfx-main-allocator-block-size=16777216"
    "memorysetup-gfx-thread-allocator-block-size=16777216"
    "memorysetup-cache-allocator-block-size=4194304"
    "memorysetup-typetree-allocator-block-size=2097152"
    "memorysetup-profiler-bucket-allocator-granularity=16"
    "memorysetup-profiler-bucket-allocator-bucket-count=8"
    "memorysetup-profiler-bucket-allocator-block-size=33554432"
    "memorysetup-profiler-bucket-allocator-block-count=8"
    "memorysetup-profiler-allocator-block-size=16777216"
    "memorysetup-profiler-editor-allocator-block-size=1048576"
    "memorysetup-temp-allocator-size-main=16777216"
    "memorysetup-job-temp-allocator-block-size=2097152"
    "memorysetup-job-temp-allocator-block-size-background=1048576"
    "memorysetup-job-temp-allocator-reduction-small-platforms=262144"
    "memorysetup-allocator-temp-initial-block-size-main=262144"
    "memorysetup-allocator-temp-initial-block-size-worker=262144"
    "memorysetup-temp-allocator-size-background-worker=32768"
    "memorysetup-temp-allocator-size-job-worker=262144"
    "memorysetup-temp-allocator-size-preload-manager=33554432"
    "memorysetup-temp-allocator-size-nav-mesh-worker=65536"
    "memorysetup-temp-allocator-size-audio-worker=65536"
    "memorysetup-temp-allocator-size-cloud-worker=32768"
    "memorysetup-temp-allocator-size-gi-baking-worker=262144"
    "memorysetup-temp-allocator-size-gi-baking-worker=262144"
    "memorysetup-temp-allocator-size-gi-baking-worker=262144"
    "memorysetup-temp-allocator-size-gi-baking-worker=262144"
    "memorysetup-temp-allocator-size-gi-baking-worker=262144"
    "memorysetup-temp-allocator-size-gfx=262144"
Player connection [14156]  Target information:

Player connection [14156]  * "[IP] 172.16.4.204 [Port] 0 [Flags] 2 [Guid] 2486859092 [EditorId] 2486859092 [Version] 1048832 [Id] WindowsEditor(7,SLB-F251-NAFI) [Debug] 1 [PackageName] WindowsEditor [ProjectName] Editor" 

Player connection [14156]  * "[IP] 172.17.24.72 [Port] 0 [Flags] 2 [Guid] 2486859092 [EditorId] 2486859092 [Version] 1048832 [Id] WindowsEditor(7,SLB-F251-NAFI) [Debug] 1 [PackageName] WindowsEditor [ProjectName] Editor" 

Player connection [14156] Host joined multi-casting on [225.0.0.222:54997]...
Player connection [14156] Host joined alternative multi-casting on [225.0.0.222:34997]...
JobSystem: Creating JobQueue using job-worker-count value 5
Input System module state changed to: Initialized.
[Physics::Module] Initialized fallback backend.
[Physics::Module] Id: 0xdecafbad
Library Redirect Path: Library/
[Physics::Module] Selected backend.
[Physics::Module] Name: PhysX
[Physics::Module] Id: 0xf2b8ea05
[Physics::Module] SDK Version: 4.1.2
[Physics::Module] Integration Version: 1.0.0
[Physics::Module] Threading Mode: Multi-Threaded
Refreshing native plugins compatible for Editor in 3.69 ms, found 4 plugins.
Preloading 0 native plugins for Editor in 0.00 ms.
Initialize engine version: 6000.0.34f1 (5ab2d9ed9190)
[Subsystems] Discovering subsystems at path C:/Program Files/Unity/Hub/Editor/6000.0.34f1/Editor/Data/Resources/UnitySubsystems
[Subsystems] Discovering subsystems at path C:/Users/knafi/ClassProject2025/Assets
GfxDevice: creating device client; kGfxThreadingModeNonThreaded
Direct3D:
    Version:  Direct3D 11.0 [level 11.1]
    Renderer: Intel(R) Iris(R) Xe Graphics (ID=0xa7a1)
    Vendor:   Intel
    VRAM:     16065 MB
    Driver:   32.0.101.6078
Initialize mono
Mono path[0] = 'C:/Program Files/Unity/Hub/Editor/6000.0.34f1/Editor/Data/Managed'
Mono path[1] = 'C:/Program Files/Unity/Hub/Editor/6000.0.34f1/Editor/Data/MonoBleedingEdge/lib/mono/unityjit-win32'
Mono config path = 'C:/Program Files/Unity/Hub/Editor/6000.0.34f1/Editor/Data/MonoBleedingEdge/etc'
Using monoOptions --debugger-agent=transport=dt_socket,embedding=1,server=y,suspend=n,address=127.0.0.1:56104
Begin MonoManager ReloadAssembly
Registering precompiled unity dll's ...
Register platform support module: C:/Program Files/Unity/Hub/Editor/6000.0.34f1/Editor/Data/PlaybackEngines/WindowsStandaloneSupport/UnityEditor.WindowsStandalone.Extensions.dll
Registered in 0.002141 seconds.
- Loaded All Assemblies, in  0.358 seconds
Native extension for WindowsStandalone target not found
Mono: successfully reloaded assembly
- Finished resetting the current domain, in  0.481 seconds
Domain Reload Profiling: 838ms
	BeginReloadAssembly (120ms)
		ExecutionOrderSort (0ms)
		DisableScriptedObjects (0ms)
		BackupInstance (0ms)
		ReleaseScriptingObjects (0ms)
		CreateAndSetChildDomain (1ms)
	RebuildCommonClasses (37ms)
	RebuildNativeTypeToScriptingClass (9ms)
	initialDomainReloadingComplete (46ms)
	LoadAllAssembliesAndSetupDomain (144ms)
		LoadAssemblies (118ms)
		RebuildTransferFunctionScriptingTraits (0ms)
		AnalyzeDomain (140ms)
			TypeCache.Refresh (139ms)
				TypeCache.ScanAssembly (125ms)
			BuildScriptInfoCaches (0ms)
			ResolveRequiredComponents (1ms)
	FinalizeReload (481ms)
		ReleaseScriptCaches (0ms)
		RebuildScriptCaches (0ms)
		SetupLoadedEditorAssemblies (398ms)
			LogAssemblyErrors (0ms)
			InitializePlatformSupportModulesInManaged (33ms)
			SetLoadedEditorAssemblies (5ms)
			BeforeProcessingInitializeOnLoad (66ms)
			ProcessInitializeOnLoadAttributes (196ms)
			ProcessInitializeOnLoadMethodAttributes (98ms)
			AfterProcessingInitializeOnLoad (0ms)
			EditorAssembliesLoaded (0ms)
		ExecutionOrderSort2 (0ms)
		AwakeInstancesAfterBackupRestoration (0ms)
========================================================================
Worker process is ready to serve import requests
Import Worker Mode flag is 0x00
Begin MonoManager ReloadAssembly
- Loaded All Assemblies, in  0.847 seconds
Script 'Camera' has the same name as built-in Unity component.
AddComponent and GetComponent will not work with this script.
Refreshing native plugins compatible for Editor in 1.24 ms, found 4 plugins.
Native extension for WindowsStandalone target not found
Mono: successfully reloaded assembly
- Finished resetting the current domain, in  1.007 seconds
Domain Reload Profiling: 1849ms
	BeginReloadAssembly (155ms)
		ExecutionOrderSort (0ms)
		DisableScriptedObjects (5ms)
		BackupInstance (0ms)
		ReleaseScriptingObjects (0ms)
		CreateAndSetChildDomain (28ms)
	RebuildCommonClasses (32ms)
	RebuildNativeTypeToScriptingClass (15ms)
	initialDomainReloadingComplete (47ms)
	LoadAllAssembliesAndSetupDomain (593ms)
		LoadAssemblies (363ms)
		RebuildTransferFunctionScriptingTraits (0ms)
		AnalyzeDomain (322ms)
			TypeCache.Refresh (175ms)
				TypeCache.ScanAssembly (160ms)
			BuildScriptInfoCaches (111ms)
			ResolveRequiredComponents (28ms)
	FinalizeReload (1007ms)
		ReleaseScriptCaches (0ms)
		RebuildScriptCaches (0ms)
		SetupLoadedEditorAssemblies (854ms)
			LogAssemblyErrors (0ms)
			InitializePlatformSupportModulesInManaged (3ms)
			SetLoadedEditorAssemblies (5ms)
			BeforeProcessingInitializeOnLoad (121ms)
			ProcessInitializeOnLoadAttributes (621ms)
			ProcessInitializeOnLoadMethodAttributes (99ms)
			AfterProcessingInitializeOnLoad (4ms)
			EditorAssembliesLoaded (0ms)
		ExecutionOrderSort2 (0ms)
		AwakeInstancesAfterBackupRestoration (5ms)
Launched and connected shader compiler UnityShaderCompiler.exe after 0.02 seconds
Refreshing native plugins compatible for Editor in 1.85 ms, found 4 plugins.
Preloading 0 native plugins for Editor in 0.00 ms.
Unloading 226 Unused Serialized files (Serialized files now loaded: 0)
Unloading 6628 unused Assets / (3.9 MB). Loaded Objects now: 7352.
Memory consumption went from 181.5 MB to 177.6 MB.
Total: 8.697200 ms (FindLiveObjects: 0.516300 ms CreateObjectMapping: 0.383300 ms MarkObjects: 5.758100 ms  DeleteObjects: 2.037500 ms)

========================================================================
Received Import Request.
  Time since last request: 605502.429551 seconds.
  path: Packages/com.unity.2d.pixel-perfect/package.json
  artifactKey: Guid(b1c570008ebc15d4183516ca5722a39e) Importer(815301076,1909f56bfc062723c751e8b465ee728b)
Start importing Packages/com.unity.2d.pixel-perfect/package.json using Guid(b1c570008ebc15d4183516ca5722a39e) Importer(815301076,1909f56bfc062723c751e8b465ee728b) (PreviewImporter) -> (artifact id: 'f6b0745d79fe99a785e4f5e023272747') in 0.0215608 seconds
Number of updated asset objects reloaded before import = 0Number of asset objects unloaded after import = 1

========================================================================
Received Import Request.
  Time since last request: 32.616690 seconds.
  path: Packages/com.unity.timeline/package.json
  artifactKey: Guid(13a9c1b4df2e489e8eb9cacca7429596) Importer(815301076,1909f56bfc062723c751e8b465ee728b)
Start importing Packages/com.unity.timeline/package.json using Guid(13a9c1b4df2e489e8eb9cacca7429596) Importer(815301076,1909f56bfc062723c751e8b465ee728b) (PreviewImporter) -> (artifact id: 'fd747172da8768ae49ae5764a6ea48d0') in 0.0017426 seconds
Number of updated asset objects reloaded before import = 0Number of asset objects unloaded after import = 1

========================================================================
Received Import Request.
  Time since last request: 1.686341 seconds.
  path: Packages/com.unity.rendering.light-transport/package.json
  artifactKey: Guid(b52d73aaad31e6c43a0beef9552f9951) Importer(815301076,1909f56bfc062723c751e8b465ee728b)
Start importing Packages/com.unity.rendering.light-transport/package.json using Guid(b52d73aaad31e6c43a0beef9552f9951) Importer(815301076,1909f56bfc062723c751e8b465ee728b) (PreviewImporter) -> (artifact id: '2fb4257314dd5dd996215a947f537406') in 0.001944 seconds
Number of updated asset objects reloaded before import = 0Number of asset objects unloaded after import = 1

========================================================================
Received Import Request.
  Time since last request: 27.102114 seconds.
  path: Assets/BigManJD/Platformer Tileset - Pixelart Grasslands/Tile Palette/Platformer Palette.prefab
  artifactKey: Guid(572c26a0233c5634d87e192be0336ad0) Importer(815301076,1909f56bfc062723c751e8b465ee728b)
Start importing Assets/BigManJD/Platformer Tileset - Pixelart Grasslands/Tile Palette/Platformer Palette.prefab using Guid(572c26a0233c5634d87e192be0336ad0) Importer(815301076,1909f56bfc062723c751e8b465ee728b) (PreviewImporter) -> (artifact id: '6f8c2de557d70f4607822c01c2ecac7e') in 0.501896 seconds
Number of updated asset objects reloaded before import = 0Number of asset objects unloaded after import = 530

========================================================================
Received Import Request.
  Time since last request: 14.187864 seconds.
  path: Assets/BigManJD/Platformer Tileset - Pixelart Grasslands/Background/Background1.png
  artifactKey: Guid(9b45b88c36c56554ead974cff48f98bb) Importer(815301076,1909f56bfc062723c751e8b465ee728b)
Start importing Assets/BigManJD/Platformer Tileset - Pixelart Grasslands/Background/Background1.png using Guid(9b45b88c36c56554ead974cff48f98bb) Importer(815301076,1909f56bfc062723c751e8b465ee728b) (PreviewImporter) -> (artifact id: '9167f367a86026cc3266faeead22fd96') in 0.085128 seconds
Number of updated asset objects reloaded before import = 0Number of asset objects unloaded after import = 3

========================================================================
Received Import Request.
  Time since last request: 0.000028 seconds.
  path: Assets/BigManJD/Platformer Tileset - Pixelart Grasslands/Background/Background4.png
  artifactKey: Guid(0b211dc3d14c1ba459b21a44e5038f46) Importer(815301076,1909f56bfc062723c751e8b465ee728b)
Start importing Assets/BigManJD/Platformer Tileset - Pixelart Grasslands/Background/Background4.png using Guid(0b211dc3d14c1ba459b21a44e5038f46) Importer(815301076,1909f56bfc062723c751e8b465ee728b) (PreviewImporter) -> (artifact id: 'aadc71038edfa8b64c12751a542bb0df') in 0.0345766 seconds
Number of updated asset objects reloaded before import = 0Number of asset objects unloaded after import = 3

========================================================================
Received Import Request.
  Time since last request: 0.000043 seconds.
  path: Assets/BigManJD/Platformer Tileset - Pixelart Grasslands/Background/Background3.png
  artifactKey: Guid(cd139cad4817e7144a2c0c2bb7cf8fcc) Importer(815301076,1909f56bfc062723c751e8b465ee728b)
Start importing Assets/BigManJD/Platformer Tileset - Pixelart Grasslands/Background/Background3.png using Guid(cd139cad4817e7144a2c0c2bb7cf8fcc) Importer(815301076,1909f56bfc062723c751e8b465ee728b) (PreviewImporter) -> (artifact id: '4007bea93f8b2873733e3d7292450e86') in 0.0280785 seconds
Number of updated asset objects reloaded before import = 0Number of asset objects unloaded after import = 3

========================================================================
Received Import Request.
  Time since last request: 10.704731 seconds.
  path: Assets/BigManJD/Platformer Tileset - Pixelart Grasslands/Tile Palette/Tiles/DirtBackgroundTiles_1.asset
  artifactKey: Guid(85776555350a0404ead4738c9c1296bd) Importer(815301076,1909f56bfc062723c751e8b465ee728b)
Start importing Assets/BigManJD/Platformer Tileset - Pixelart Grasslands/Tile Palette/Tiles/DirtBackgroundTiles_1.asset using Guid(85776555350a0404ead4738c9c1296bd) Importer(815301076,1909f56bfc062723c751e8b465ee728b) (PreviewImporter) -> (artifact id: '80048df595678f351aa30a6479ce8d4a') in 0.0277501 seconds
Number of updated asset objects reloaded before import = 0Number of asset objects unloaded after import = 3

========================================================================
Received Import Request.
  Time since last request: 0.000028 seconds.
  path: Assets/BigManJD/Platformer Tileset - Pixelart Grasslands/Tile Palette/Tiles/DirtBackgroundTiles_11.asset
  artifactKey: Guid(4720c8cb881093f41b6ad8cbb234af20) Importer(815301076,1909f56bfc062723c751e8b465ee728b)
Start importing Assets/BigManJD/Platformer Tileset - Pixelart Grasslands/Tile Palette/Tiles/DirtBackgroundTiles_11.asset using Guid(4720c8cb881093f41b6ad8cbb234af20) Importer(815301076,1909f56bfc062723c751e8b465ee728b) (PreviewImporter) -> (artifact id: 'd370791266096162faa6089b3878a611') in 0.028115 seconds
Number of updated asset objects reloaded before import = 0Number of asset objects unloaded after import = 3

========================================================================
Received Import Request.
  Time since last request: 0.000035 seconds.
  path: Assets/BigManJD/Platformer Tileset - Pixelart Grasslands/Tile Palette/Tiles/DirtBackgroundTiles_36.asset
  artifactKey: Guid(ef7f9d4e2e9c60f419fd4524eec4d865) Importer(815301076,1909f56bfc062723c751e8b465ee728b)
Start importing Assets/BigManJD/Platformer Tileset - Pixelart Grasslands/Tile Palette/Tiles/DirtBackgroundTiles_36.asset using Guid(ef7f9d4e2e9c60f419fd4524eec4d865) Importer(815301076,1909f56bfc062723c751e8b465ee728b) (PreviewImporter) -> (artifact id: '734130194903b5422720a3fac605fb1e') in 0.0240255 seconds
Number of updated asset objects reloaded before import = 0Number of asset objects unloaded after import = 3

========================================================================
Received Import Request.
  Time since last request: 0.000028 seconds.
  path: Assets/BigManJD/Platformer Tileset - Pixelart Grasslands/Tile Palette/Tiles/DirtBackgroundTiles_9.asset
  artifactKey: Guid(d7b7b4f9c9663cf48b9af6eee6ea109f) Importer(815301076,1909f56bfc062723c751e8b465ee728b)
Start importing Assets/BigManJD/Platformer Tileset - Pixelart Grasslands/Tile Palette/Tiles/DirtBackgroundTiles_9.asset using Guid(d7b7b4f9c9663cf48b9af6eee6ea109f) Importer(815301076,1909f56bfc062723c751e8b465ee728b) (PreviewImporter) -> (artifact id: 'ae9aae883fb7922d42d2917adf4b1d76') in 0.0070598 seconds
Number of updated asset objects reloaded before import = 0Number of asset objects unloaded after import = 3

========================================================================
Received Import Request.
  Time since last request: 0.000059 seconds.
  path: Assets/BigManJD/Platformer Tileset - Pixelart Grasslands/Tile Palette/Tiles/DirtBackgroundTiles_39.asset
  artifactKey: Guid(3ed25bc14687d4f49a8c5eb7084f0f50) Importer(815301076,1909f56bfc062723c751e8b465ee728b)
Start importing Assets/BigManJD/Platformer Tileset - Pixelart Grasslands/Tile Palette/Tiles/DirtBackgroundTiles_39.asset using Guid(3ed25bc14687d4f49a8c5eb7084f0f50) Importer(815301076,1909f56bfc062723c751e8b465ee728b) (PreviewImporter) -> (artifact id: '4796e4994a26b1d68ed4e5f3bb293eaa') in 0.0200397 seconds
Number of updated asset objects reloaded before import = 0Number of asset objects unloaded after import = 3

========================================================================
Received Import Request.
  Time since last request: 0.000024 seconds.
  path: Assets/BigManJD/Platformer Tileset - Pixelart Grasslands/Tile Palette/Tiles/DirtBackgroundTiles_25.asset
  artifactKey: Guid(aa52bde94e13d6144831207f35c463f6) Importer(815301076,1909f56bfc062723c751e8b465ee728b)
Start importing Assets/BigManJD/Platformer Tileset - Pixelart Grasslands/Tile Palette/Tiles/DirtBackgroundTiles_25.asset using Guid(aa52bde94e13d6144831207f35c463f6) Importer(815301076,1909f56bfc062723c751e8b465ee728b) (PreviewImporter) -> (artifact id: 'a10100ef29046635bce1fd56611531db') in 0.0190588 seconds
Number of updated asset objects reloaded before import = 0Number of asset objects unloaded after import = 3

========================================================================
Received Import Request.
  Time since last request: 0.000031 seconds.
  path: Assets/BigManJD/Platformer Tileset - Pixelart Grasslands/Tile Palette/Tiles/DirtBackgroundTiles_20.asset
  artifactKey: Guid(9aae0d442e2febd44a34a2d1810dada1) Importer(815301076,1909f56bfc062723c751e8b465ee728b)
Start importing Assets/BigManJD/Platformer Tileset - Pixelart Grasslands/Tile Palette/Tiles/DirtBackgroundTiles_20.asset using Guid(9aae0d442e2febd44a34a2d1810dada1) Importer(815301076,1909f56bfc062723c751e8b465ee728b) (PreviewImporter) -> (artifact id: 'cc911b515a3a46c24cbd576fd15623d1') in 0.0243187 seconds
Number of updated asset objects reloaded before import = 0Number of asset objects unloaded after import = 3

========================================================================
Received Import Request.
  Time since last request: 0.000062 seconds.
  path: Assets/BigManJD/Platformer Tileset - Pixelart Grasslands/Tile Palette/Tiles/DirtBackgroundTiles_29.asset
  artifactKey: Guid(8bf10846b8f75ee46a6beca66cc53550) Importer(815301076,1909f56bfc062723c751e8b465ee728b)
Start importing Assets/BigManJD/Platformer Tileset - Pixelart Grasslands/Tile Palette/Tiles/DirtBackgroundTiles_29.asset using Guid(8bf10846b8f75ee46a6beca66cc53550) Importer(815301076,1909f56bfc062723c751e8b465ee728b) (PreviewImporter) -> (artifact id: 'ad1ba00900aaa5f70bd46f7feecf244d') in 0.0074517 seconds
Number of updated asset objects reloaded before import = 0Number of asset objects unloaded after import = 3

========================================================================
Received Import Request.
  Time since last request: 0.000027 seconds.
  path: Assets/BigManJD/Platformer Tileset - Pixelart Grasslands/Tile Palette/Tiles/DirtBackgroundTiles_14.asset
  artifactKey: Guid(5a1eb3fc8be9152439b9ec9b309b0ec2) Importer(815301076,1909f56bfc062723c751e8b465ee728b)
Start importing Assets/BigManJD/Platformer Tileset - Pixelart Grasslands/Tile Palette/Tiles/DirtBackgroundTiles_14.asset using Guid(5a1eb3fc8be9152439b9ec9b309b0ec2) Importer(815301076,1909f56bfc062723c751e8b465ee728b) (PreviewImporter) -> (artifact id: '9747fc944fd4c2aa6f5002f18b96fe62') in 0.0253677 seconds
Number of updated asset objects reloaded before import = 0Number of asset objects unloaded after import = 3

========================================================================
Received Import Request.
  Time since last request: 0.000027 seconds.
  path: Assets/BigManJD/Platformer Tileset - Pixelart Grasslands/Tile Palette/Tiles/DirtBackgroundTiles_16.asset
  artifactKey: Guid(71ef291c9d7da194db9ac6e209ccb8cf) Importer(815301076,1909f56bfc062723c751e8b465ee728b)
Start importing Assets/BigManJD/Platformer Tileset - Pixelart Grasslands/Tile Palette/Tiles/DirtBackgroundTiles_16.asset using Guid(71ef291c9d7da194db9ac6e209ccb8cf) Importer(815301076,1909f56bfc062723c751e8b465ee728b) (PreviewImporter) -> (artifact id: 'cca24a5487af6bce7d440834afc7702c') in 0.0191688 seconds
Number of updated asset objects reloaded before import = 0Number of asset objects unloaded after import = 3

========================================================================
Received Import Request.
  Time since last request: 0.000033 seconds.
  path: Assets/BigManJD/Platformer Tileset - Pixelart Grasslands/Tile Palette/Tiles/DirtBackgroundTiles_38.asset
  artifactKey: Guid(8098aa22e8127f644b88006f2f819018) Importer(815301076,1909f56bfc062723c751e8b465ee728b)
Start importing Assets/BigManJD/Platformer Tileset - Pixelart Grasslands/Tile Palette/Tiles/DirtBackgroundTiles_38.asset using Guid(8098aa22e8127f644b88006f2f819018) Importer(815301076,1909f56bfc062723c751e8b465ee728b) (PreviewImporter) -> (artifact id: '5858b61e67914792aedef660eef85f7a') in 0.0199607 seconds
Number of updated asset objects reloaded before import = 0Number of asset objects unloaded after import = 3

========================================================================
Received Import Request.
  Time since last request: 0.000027 seconds.
  path: Assets/BigManJD/Platformer Tileset - Pixelart Grasslands/Tile Palette/Tiles/DirtBackgroundTiles_3.asset
  artifactKey: Guid(ec5342ee332bc5a49a0e66a52ef977a6) Importer(815301076,1909f56bfc062723c751e8b465ee728b)
Start importing Assets/BigManJD/Platformer Tileset - Pixelart Grasslands/Tile Palette/Tiles/DirtBackgroundTiles_3.asset using Guid(ec5342ee332bc5a49a0e66a52ef977a6) Importer(815301076,1909f56bfc062723c751e8b465ee728b) (PreviewImporter) -> (artifact id: 'f2d4eb738f9efeb444ca67e424c32006') in 0.022637 seconds
Number of updated asset objects reloaded before import = 0Number of asset objects unloaded after import = 3

========================================================================
Received Import Request.
  Time since last request: 0.000050 seconds.
  path: Assets/BigManJD/Platformer Tileset - Pixelart Grasslands/Tile Palette/Tiles/DirtBackgroundTiles_12.asset
  artifactKey: Guid(87a79123959cde64f8e7a7501f739e9f) Importer(815301076,1909f56bfc062723c751e8b465ee728b)
Start importing Assets/BigManJD/Platformer Tileset - Pixelart Grasslands/Tile Palette/Tiles/DirtBackgroundTiles_12.asset using Guid(87a79123959cde64f8e7a7501f739e9f) Importer(815301076,1909f56bfc062723c751e8b465ee728b) (PreviewImporter) -> (artifact id: '435c3758fe3f5c26553775527e6563e1') in 0.0203628 seconds
Number of updated asset objects reloaded before import = 0Number of asset objects unloaded after import = 3

========================================================================
Received Import Request.
  Time since last request: 0.000079 seconds.
  path: Assets/BigManJD/Platformer Tileset - Pixelart Grasslands/Tile Palette/Tiles/DirtBackgroundTiles_13.asset
  artifactKey: Guid(d5291ae61f8e3434588df422dae2aa4a) Importer(815301076,1909f56bfc062723c751e8b465ee728b)
Start importing Assets/BigManJD/Platformer Tileset - Pixelart Grasslands/Tile Palette/Tiles/DirtBackgroundTiles_13.asset using Guid(d5291ae61f8e3434588df422dae2aa4a) Importer(815301076,1909f56bfc062723c751e8b465ee728b) (PreviewImporter) -> (artifact id: '6f465f46758c451077b4ac16ebe83e5d') in 0.0125012 seconds
Number of updated asset objects reloaded before import = 0Number of asset objects unloaded after import = 3

========================================================================
Received Import Request.
  Time since last request: 0.923088 seconds.
  path: Assets/BigManJD/Platformer Tileset - Pixelart Grasslands/Tile Palette/Tiles/DirtBackgroundTiles_42.asset
  artifactKey: Guid(0caf4529f8b60e445b4ae1c5abb932ed) Importer(815301076,1909f56bfc062723c751e8b465ee728b)
Start importing Assets/BigManJD/Platformer Tileset - Pixelart Grasslands/Tile Palette/Tiles/DirtBackgroundTiles_42.asset using Guid(0caf4529f8b60e445b4ae1c5abb932ed) Importer(815301076,1909f56bfc062723c751e8b465ee728b) (PreviewImporter) -> (artifact id: '260964d4801f204c1ea1302487e28fc3') in 0.0262238 seconds
Number of updated asset objects reloaded before import = 0Number of asset objects unloaded after import = 3

========================================================================
Received Import Request.
  Time since last request: 0.000028 seconds.
  path: Assets/BigManJD/Platformer Tileset - Pixelart Grasslands/Tile Palette/Tiles/DirtTiles_0.asset
  artifactKey: Guid(f47ef68ebd3a9e547b3f2c2d9b7a4a21) Importer(815301076,1909f56bfc062723c751e8b465ee728b)
Start importing Assets/BigManJD/Platformer Tileset - Pixelart Grasslands/Tile Palette/Tiles/DirtTiles_0.asset using Guid(f47ef68ebd3a9e547b3f2c2d9b7a4a21) Importer(815301076,1909f56bfc062723c751e8b465ee728b) (PreviewImporter) -> (artifact id: '07161f1d40299d2fa613ea2a8f7ef2ad') in 0.0296983 seconds
Number of updated asset objects reloaded before import = 0Number of asset objects unloaded after import = 3

========================================================================
Received Import Request.
  Time since last request: 0.000038 seconds.
  path: Assets/BigManJD/Platformer Tileset - Pixelart Grasslands/Tile Palette/Tiles/DirtTiles_9.asset
  artifactKey: Guid(3b924a3abe5053f439377ac09c9c0b0a) Importer(815301076,1909f56bfc062723c751e8b465ee728b)
Start importing Assets/BigManJD/Platformer Tileset - Pixelart Grasslands/Tile Palette/Tiles/DirtTiles_9.asset using Guid(3b924a3abe5053f439377ac09c9c0b0a) Importer(815301076,1909f56bfc062723c751e8b465ee728b) (PreviewImporter) -> (artifact id: '90b13adfb21f0912ff3842cb3ec29ba2') in 0.0204569 seconds
Number of updated asset objects reloaded before import = 0Number of asset objects unloaded after import = 3

========================================================================
Received Import Request.
  Time since last request: 0.000033 seconds.
  path: Assets/BigManJD/Platformer Tileset - Pixelart Grasslands/Tile Palette/Tiles/DirtTiles_4.asset
  artifactKey: Guid(570fa4fc9655fd74ca53fed897dd0622) Importer(815301076,1909f56bfc062723c751e8b465ee728b)
Start importing Assets/BigManJD/Platformer Tileset - Pixelart Grasslands/Tile Palette/Tiles/DirtTiles_4.asset using Guid(570fa4fc9655fd74ca53fed897dd0622) Importer(815301076,1909f56bfc062723c751e8b465ee728b) (PreviewImporter) -> (artifact id: '2d59abd8747aaf36283fb17c90c0070a') in 0.0197335 seconds
Number of updated asset objects reloaded before import = 0Number of asset objects unloaded after import = 3

========================================================================
Received Import Request.
  Time since last request: 0.000031 seconds.
  path: Assets/BigManJD/Platformer Tileset - Pixelart Grasslands/Tile Palette/Tiles/DirtTiles_3.asset
  artifactKey: Guid(61d50793e252c5149906b2e2295535da) Importer(815301076,1909f56bfc062723c751e8b465ee728b)
Start importing Assets/BigManJD/Platformer Tileset - Pixelart Grasslands/Tile Palette/Tiles/DirtTiles_3.asset using Guid(61d50793e252c5149906b2e2295535da) Importer(815301076,1909f56bfc062723c751e8b465ee728b) (PreviewImporter) -> (artifact id: '0fcd52001ffd75cd2e4a9904d89df4ab') in 0.0207923 seconds
Number of updated asset objects reloaded before import = 0Number of asset objects unloaded after import = 3

========================================================================
Received Import Request.
  Time since last request: 0.110046 seconds.
  path: Assets/BigManJD/Platformer Tileset - Pixelart Grasslands/Tile Palette/Tiles/DirtTiles_13.asset
  artifactKey: Guid(6ca293d59d6b45f47806a749ed5450ec) Importer(815301076,1909f56bfc062723c751e8b465ee728b)
Start importing Assets/BigManJD/Platformer Tileset - Pixelart Grasslands/Tile Palette/Tiles/DirtTiles_13.asset using Guid(6ca293d59d6b45f47806a749ed5450ec) Importer(815301076,1909f56bfc062723c751e8b465ee728b) (PreviewImporter) -> (artifact id: '6663aa7d872594ba2259eb56cd939046') in 0.0270594 seconds
Number of updated asset objects reloaded before import = 0Number of asset objects unloaded after import = 3

========================================================================
Received Import Request.
  Time since last request: 0.000025 seconds.
  path: Assets/BigManJD/Platformer Tileset - Pixelart Grasslands/Tile Palette/Tiles/DirtTiles_17.asset
  artifactKey: Guid(33b339ca5515e734bb892e4376159e16) Importer(815301076,1909f56bfc062723c751e8b465ee728b)
Start importing Assets/BigManJD/Platformer Tileset - Pixelart Grasslands/Tile Palette/Tiles/DirtTiles_17.asset using Guid(33b339ca5515e734bb892e4376159e16) Importer(815301076,1909f56bfc062723c751e8b465ee728b) (PreviewImporter) -> (artifact id: '716c1d87d26712587c31d9f3a4ad19ca') in 0.0201462 seconds
Number of updated asset objects reloaded before import = 0Number of asset objects unloaded after import = 3

========================================================================
Received Import Request.
  Time since last request: 0.000035 seconds.
  path: Assets/BigManJD/Platformer Tileset - Pixelart Grasslands/Tile Palette/Tiles/DirtTiles_27.asset
  artifactKey: Guid(4dd5333bce4781e48b6bc9dbd6fb206d) Importer(815301076,1909f56bfc062723c751e8b465ee728b)
Start importing Assets/BigManJD/Platformer Tileset - Pixelart Grasslands/Tile Palette/Tiles/DirtTiles_27.asset using Guid(4dd5333bce4781e48b6bc9dbd6fb206d) Importer(815301076,1909f56bfc062723c751e8b465ee728b) (PreviewImporter) -> (artifact id: '2d003c4d897485b71a2c60ed246d496e') in 0.0218675 seconds
Number of updated asset objects reloaded before import = 0Number of asset objects unloaded after import = 3

========================================================================
Received Import Request.
  Time since last request: 0.000031 seconds.
  path: Assets/BigManJD/Platformer Tileset - Pixelart Grasslands/Tile Palette/Tiles/DirtTiles_18.asset
  artifactKey: Guid(3fee07461f5e8eb40a0f6cadb38ce299) Importer(815301076,1909f56bfc062723c751e8b465ee728b)
Start importing Assets/BigManJD/Platformer Tileset - Pixelart Grasslands/Tile Palette/Tiles/DirtTiles_18.asset using Guid(3fee07461f5e8eb40a0f6cadb38ce299) Importer(815301076,1909f56bfc062723c751e8b465ee728b) (PreviewImporter) -> (artifact id: '348cbc831d5e767a72cb633cdd688bcd') in 0.0223916 seconds
Number of updated asset objects reloaded before import = 0Number of asset objects unloaded after import = 3

========================================================================
Received Import Request.
  Time since last request: 0.000049 seconds.
  path: Assets/BigManJD/Platformer Tileset - Pixelart Grasslands/Tile Palette/Tiles/DirtTiles_24.asset
  artifactKey: Guid(0470177a445526c41a84bb22193bb9f2) Importer(815301076,1909f56bfc062723c751e8b465ee728b)
Start importing Assets/BigManJD/Platformer Tileset - Pixelart Grasslands/Tile Palette/Tiles/DirtTiles_24.asset using Guid(0470177a445526c41a84bb22193bb9f2) Importer(815301076,1909f56bfc062723c751e8b465ee728b) (PreviewImporter) -> (artifact id: '777413071da4579f3dfc4a5a6daff84d') in 0.0205061 seconds
Number of updated asset objects reloaded before import = 0Number of asset objects unloaded after import = 3

========================================================================
Received Import Request.
  Time since last request: 0.079649 seconds.
  path: Assets/BigManJD/Platformer Tileset - Pixelart Grasslands/Tile Palette/Tiles/DirtTiles_29.asset
  artifactKey: Guid(c0302fd324bf66641b22a84002c88754) Importer(815301076,1909f56bfc062723c751e8b465ee728b)
Start importing Assets/BigManJD/Platformer Tileset - Pixelart Grasslands/Tile Palette/Tiles/DirtTiles_29.asset using Guid(c0302fd324bf66641b22a84002c88754) Importer(815301076,1909f56bfc062723c751e8b465ee728b) (PreviewImporter) -> (artifact id: 'deee2c088849b26850ea3515367a9330') in 0.0248813 seconds
Number of updated asset objects reloaded before import = 0Number of asset objects unloaded after import = 3

========================================================================
Received Import Request.
  Time since last request: 0.000049 seconds.
  path: Assets/BigManJD/Platformer Tileset - Pixelart Grasslands/Tile Palette/Tiles/DirtTiles_32.asset
  artifactKey: Guid(ce4dc868da3fa8248ab7d4ec92d9a5d8) Importer(815301076,1909f56bfc062723c751e8b465ee728b)
Start importing Assets/BigManJD/Platformer Tileset - Pixelart Grasslands/Tile Palette/Tiles/DirtTiles_32.asset using Guid(ce4dc868da3fa8248ab7d4ec92d9a5d8) Importer(815301076,1909f56bfc062723c751e8b465ee728b) (PreviewImporter) -> (artifact id: '8b35f75c4896bb16f219231e5cbce67a') in 0.0254453 seconds
Number of updated asset objects reloaded before import = 0Number of asset objects unloaded after import = 3

========================================================================
Received Import Request.
  Time since last request: 0.000043 seconds.
  path: Assets/BigManJD/Platformer Tileset - Pixelart Grasslands/Tile Palette/Tiles/DirtTiles_40.asset
  artifactKey: Guid(c8d5c86e6e427a04cb46e18d6b3d5f0c) Importer(815301076,1909f56bfc062723c751e8b465ee728b)
Start importing Assets/BigManJD/Platformer Tileset - Pixelart Grasslands/Tile Palette/Tiles/DirtTiles_40.asset using Guid(c8d5c86e6e427a04cb46e18d6b3d5f0c) Importer(815301076,1909f56bfc062723c751e8b465ee728b) (PreviewImporter) -> (artifact id: '7b2dfe51b74e95c5ce793c2a48398a0b') in 0.0072084 seconds
Number of updated asset objects reloaded before import = 0Number of asset objects unloaded after import = 3

========================================================================
Received Import Request.
  Time since last request: 0.000032 seconds.
  path: Assets/BigManJD/Platformer Tileset - Pixelart Grasslands/Tile Palette/Tiles/DirtTiles_38.asset
  artifactKey: Guid(b4162b0ea33a12b4b8bdf79f7b2d3a60) Importer(815301076,1909f56bfc062723c751e8b465ee728b)
Start importing Assets/BigManJD/Platformer Tileset - Pixelart Grasslands/Tile Palette/Tiles/DirtTiles_38.asset using Guid(b4162b0ea33a12b4b8bdf79f7b2d3a60) Importer(815301076,1909f56bfc062723c751e8b465ee728b) (PreviewImporter) -> (artifact id: 'd7445d1ab7236ad6f093a6e237ed3b18') in 0.0083823 seconds
Number of updated asset objects reloaded before import = 0Number of asset objects unloaded after import = 3

========================================================================
Received Import Request.
  Time since last request: 0.000032 seconds.
  path: Assets/BigManJD/Platformer Tileset - Pixelart Grasslands/Tile Palette/Tiles/DirtTiles_36.asset
  artifactKey: Guid(8b3f2582f84fd4e46988db91c5a99032) Importer(815301076,1909f56bfc062723c751e8b465ee728b)
Start importing Assets/BigManJD/Platformer Tileset - Pixelart Grasslands/Tile Palette/Tiles/DirtTiles_36.asset using Guid(8b3f2582f84fd4e46988db91c5a99032) Importer(815301076,1909f56bfc062723c751e8b465ee728b) (PreviewImporter) -> (artifact id: '3dc996317dff7035e90e5fc76ea598f1') in 0.0243751 seconds
Number of updated asset objects reloaded before import = 0Number of asset objects unloaded after import = 3

Editor requested this worker to shutdown with reason: Scaling down because of idle timeout
AssetImportWorker is now disconnected from the server
Process exiting
Exiting without the bug reporter. Application will terminate with return code 0