Using pre-set license
Built from '6000.0/staging' branch; Version is '6000.0.34f1 (5ab2d9ed9190) revision 5944025'; Using compiler version '193933523'; Build Type 'Release'
OS: 'Windows 11  (10.0.26100) 64bit Education' Language: 'en' Physical Memory: 32131 MB
BatchMode: 1, IsHumanControllingUs: 0, StartBugReporterOnCrash: 0, Is64bit: 1, IsPro: 1

COMMAND LINE ARGUMENTS:
C:\Program Files\Unity\Hub\Editor\6000.0.34f1\Editor\Unity.exe
-adb2
-batchMode
-noUpm
-name
AssetImportWorker2
-projectPath
C:/Users/knafi/ClassProject2025
-logFile
Logs/AssetImportWorker2.log
-srvPort
61215
-job-worker-count
5
-background-job-worker-count
8
-gc-helper-count
1
Successfully changed project path to: C:/Users/knafi/ClassProject2025
C:/Users/knafi/ClassProject2025
[UnityMemory] Configuration Parameters - Can be set up in boot.config
    "memorysetup-bucket-allocator-granularity=16"
    "memorysetup-bucket-allocator-bucket-count=8"
    "memorysetup-bucket-allocator-block-size=33554432"
    "memorysetup-bucket-allocator-block-count=8"
    "memorysetup-main-allocator-block-size=16777216"
    "memorysetup-thread-allocator-block-size=16777216"
    "memorysetup-gfx-main-allocator-block-size=16777216"
    "memorysetup-gfx-thread-allocator-block-size=16777216"
    "memorysetup-cache-allocator-block-size=4194304"
    "memorysetup-typetree-allocator-block-size=2097152"
    "memorysetup-profiler-bucket-allocator-granularity=16"
    "memorysetup-profiler-bucket-allocator-bucket-count=8"
    "memorysetup-profiler-bucket-allocator-block-size=33554432"
    "memorysetup-profiler-bucket-allocator-block-count=8"
    "memorysetup-profiler-allocator-block-size=16777216"
    "memorysetup-profiler-editor-allocator-block-size=1048576"
    "memorysetup-temp-allocator-size-main=16777216"
    "memorysetup-job-temp-allocator-block-size=2097152"
    "memorysetup-job-temp-allocator-block-size-background=1048576"
    "memorysetup-job-temp-allocator-reduction-small-platforms=262144"
    "memorysetup-allocator-temp-initial-block-size-main=262144"
    "memorysetup-allocator-temp-initial-block-size-worker=262144"
    "memorysetup-temp-allocator-size-background-worker=32768"
    "memorysetup-temp-allocator-size-job-worker=262144"
    "memorysetup-temp-allocator-size-preload-manager=33554432"
    "memorysetup-temp-allocator-size-nav-mesh-worker=65536"
    "memorysetup-temp-allocator-size-audio-worker=65536"
    "memorysetup-temp-allocator-size-cloud-worker=32768"
    "memorysetup-temp-allocator-size-gi-baking-worker=262144"
    "memorysetup-temp-allocator-size-gi-baking-worker=262144"
    "memorysetup-temp-allocator-size-gi-baking-worker=262144"
    "memorysetup-temp-allocator-size-gi-baking-worker=262144"
    "memorysetup-temp-allocator-size-gi-baking-worker=262144"
    "memorysetup-temp-allocator-size-gfx=262144"
Player connection [36780]  Target information:

Player connection [36780]  * "[IP] 172.16.4.204 [Port] 0 [Flags] 2 [Guid] 2343520678 [EditorId] 2343520678 [Version] 1048832 [Id] WindowsEditor(7,SLB-F251-NAFI) [Debug] 1 [PackageName] WindowsEditor [ProjectName] Editor" 

Player connection [36780] Host joined multi-casting on [225.0.0.222:54997]...
Player connection [36780] Host joined alternative multi-casting on [225.0.0.222:34997]...
JobSystem: Creating JobQueue using job-worker-count value 5
Input System module state changed to: Initialized.
[Physics::Module] Initialized fallback backend.
[Physics::Module] Id: 0xdecafbad
Library Redirect Path: Library/
[Physics::Module] Selected backend.
[Physics::Module] Name: PhysX
[Physics::Module] Id: 0xf2b8ea05
[Physics::Module] SDK Version: 4.1.2
[Physics::Module] Integration Version: 1.0.0
[Physics::Module] Threading Mode: Multi-Threaded
Refreshing native plugins compatible for Editor in 1.85 ms, found 4 plugins.
Preloading 0 native plugins for Editor in 0.00 ms.
Initialize engine version: 6000.0.34f1 (5ab2d9ed9190)
[Subsystems] Discovering subsystems at path C:/Program Files/Unity/Hub/Editor/6000.0.34f1/Editor/Data/Resources/UnitySubsystems
[Subsystems] Discovering subsystems at path C:/Users/knafi/ClassProject2025/Assets
GfxDevice: creating device client; kGfxThreadingModeNonThreaded
Direct3D:
    Version:  Direct3D 11.0 [level 11.1]
    Renderer: Intel(R) Iris(R) Xe Graphics (ID=0xa7a1)
    Vendor:   Intel
    VRAM:     16065 MB
    Driver:   32.0.101.6078
Initialize mono
Mono path[0] = 'C:/Program Files/Unity/Hub/Editor/6000.0.34f1/Editor/Data/Managed'
Mono path[1] = 'C:/Program Files/Unity/Hub/Editor/6000.0.34f1/Editor/Data/MonoBleedingEdge/lib/mono/unityjit-win32'
Mono config path = 'C:/Program Files/Unity/Hub/Editor/6000.0.34f1/Editor/Data/MonoBleedingEdge/etc'
Using monoOptions --debugger-agent=transport=dt_socket,embedding=1,server=y,suspend=n,address=127.0.0.1:56120
Begin MonoManager ReloadAssembly
Registering precompiled unity dll's ...
Register platform support module: C:/Program Files/Unity/Hub/Editor/6000.0.34f1/Editor/Data/PlaybackEngines/WindowsStandaloneSupport/UnityEditor.WindowsStandalone.Extensions.dll
Registered in 0.001896 seconds.
- Loaded All Assemblies, in  0.270 seconds
Native extension for WindowsStandalone target not found
Mono: successfully reloaded assembly
- Finished resetting the current domain, in  0.255 seconds
Domain Reload Profiling: 524ms
	BeginReloadAssembly (93ms)
		ExecutionOrderSort (0ms)
		DisableScriptedObjects (0ms)
		BackupInstance (0ms)
		ReleaseScriptingObjects (0ms)
		CreateAndSetChildDomain (1ms)
	RebuildCommonClasses (26ms)
	RebuildNativeTypeToScriptingClass (7ms)
	initialDomainReloadingComplete (34ms)
	LoadAllAssembliesAndSetupDomain (108ms)
		LoadAssemblies (91ms)
		RebuildTransferFunctionScriptingTraits (0ms)
		AnalyzeDomain (106ms)
			TypeCache.Refresh (105ms)
				TypeCache.ScanAssembly (94ms)
			BuildScriptInfoCaches (0ms)
			ResolveRequiredComponents (0ms)
	FinalizeReload (255ms)
		ReleaseScriptCaches (0ms)
		RebuildScriptCaches (0ms)
		SetupLoadedEditorAssemblies (222ms)
			LogAssemblyErrors (0ms)
			InitializePlatformSupportModulesInManaged (21ms)
			SetLoadedEditorAssemblies (4ms)
			BeforeProcessingInitializeOnLoad (38ms)
			ProcessInitializeOnLoadAttributes (122ms)
			ProcessInitializeOnLoadMethodAttributes (38ms)
			AfterProcessingInitializeOnLoad (0ms)
			EditorAssembliesLoaded (0ms)
		ExecutionOrderSort2 (0ms)
		AwakeInstancesAfterBackupRestoration (0ms)
========================================================================
Worker process is ready to serve import requests
Import Worker Mode flag is 0x00
Begin MonoManager ReloadAssembly
- Loaded All Assemblies, in  0.567 seconds
Script 'Camera' has the same name as built-in Unity component.
AddComponent and GetComponent will not work with this script.
Refreshing native plugins compatible for Editor in 1.08 ms, found 4 plugins.
Native extension for WindowsStandalone target not found
Mono: successfully reloaded assembly
- Finished resetting the current domain, in  0.722 seconds
Domain Reload Profiling: 1287ms
	BeginReloadAssembly (119ms)
		ExecutionOrderSort (0ms)
		DisableScriptedObjects (4ms)
		BackupInstance (0ms)
		ReleaseScriptingObjects (0ms)
		CreateAndSetChildDomain (21ms)
	RebuildCommonClasses (26ms)
	RebuildNativeTypeToScriptingClass (8ms)
	initialDomainReloadingComplete (27ms)
	LoadAllAssembliesAndSetupDomain (385ms)
		LoadAssemblies (255ms)
		RebuildTransferFunctionScriptingTraits (0ms)
		AnalyzeDomain (199ms)
			TypeCache.Refresh (138ms)
				TypeCache.ScanAssembly (125ms)
			BuildScriptInfoCaches (50ms)
			ResolveRequiredComponents (8ms)
	FinalizeReload (722ms)
		ReleaseScriptCaches (0ms)
		RebuildScriptCaches (0ms)
		SetupLoadedEditorAssemblies (611ms)
			LogAssemblyErrors (0ms)
			InitializePlatformSupportModulesInManaged (2ms)
			SetLoadedEditorAssemblies (4ms)
			BeforeProcessingInitializeOnLoad (87ms)
			ProcessInitializeOnLoadAttributes (438ms)
			ProcessInitializeOnLoadMethodAttributes (77ms)
			AfterProcessingInitializeOnLoad (3ms)
			EditorAssembliesLoaded (0ms)
		ExecutionOrderSort2 (0ms)
		AwakeInstancesAfterBackupRestoration (4ms)
Launched and connected shader compiler UnityShaderCompiler.exe after 0.01 seconds
Refreshing native plugins compatible for Editor in 1.08 ms, found 4 plugins.
Preloading 0 native plugins for Editor in 0.00 ms.
Unloading 226 Unused Serialized files (Serialized files now loaded: 0)
Unloading 6628 unused Assets / (5.1 MB). Loaded Objects now: 7352.
Memory consumption went from 181.5 MB to 176.4 MB.
Total: 7.675500 ms (FindLiveObjects: 0.595800 ms CreateObjectMapping: 0.574100 ms MarkObjects: 4.264800 ms  DeleteObjects: 2.239500 ms)

========================================================================
Received Import Request.
  Time since last request: 605589.985432 seconds.
  path: Assets/BigManJD/Platformer Tileset - Pixelart Grasslands/Tile Palette/Tiles/DirtBackgroundTiles_0.asset
  artifactKey: Guid(0bba56b50b4245742bf05b551cc53ee9) Importer(815301076,1909f56bfc062723c751e8b465ee728b)
Start importing Assets/BigManJD/Platformer Tileset - Pixelart Grasslands/Tile Palette/Tiles/DirtBackgroundTiles_0.asset using Guid(0bba56b50b4245742bf05b551cc53ee9) Importer(815301076,1909f56bfc062723c751e8b465ee728b) (PreviewImporter) -> (artifact id: 'feadc5ce5475780d29fde2dea6aeff5e') in 0.1310543 seconds
Number of updated asset objects reloaded before import = 0Number of asset objects unloaded after import = 3

========================================================================
Received Import Request.
  Time since last request: 0.000032 seconds.
  path: Assets/BigManJD/Platformer Tileset - Pixelart Grasslands/Tile Palette/Tiles/DirtBackgroundTiles_22.asset
  artifactKey: Guid(a1c648880d9137a48a1f5726a3d9baa2) Importer(815301076,1909f56bfc062723c751e8b465ee728b)
Start importing Assets/BigManJD/Platformer Tileset - Pixelart Grasslands/Tile Palette/Tiles/DirtBackgroundTiles_22.asset using Guid(a1c648880d9137a48a1f5726a3d9baa2) Importer(815301076,1909f56bfc062723c751e8b465ee728b) (PreviewImporter) -> (artifact id: '69dbf1eb9ac5c2889cfac1f5e61b0bf0') in 0.0212823 seconds
Number of updated asset objects reloaded before import = 0Number of asset objects unloaded after import = 3

========================================================================
Received Import Request.
  Time since last request: 0.000023 seconds.
  path: Assets/BigManJD/Platformer Tileset - Pixelart Grasslands/Tile Palette/Tiles/DirtBackgroundTiles_24.asset
  artifactKey: Guid(aed93102cb427544cad9b131b20e1c3c) Importer(815301076,1909f56bfc062723c751e8b465ee728b)
Start importing Assets/BigManJD/Platformer Tileset - Pixelart Grasslands/Tile Palette/Tiles/DirtBackgroundTiles_24.asset using Guid(aed93102cb427544cad9b131b20e1c3c) Importer(815301076,1909f56bfc062723c751e8b465ee728b) (PreviewImporter) -> (artifact id: 'fecefad7414d4ac02a30c84b5018d114') in 0.0199984 seconds
Number of updated asset objects reloaded before import = 0Number of asset objects unloaded after import = 3

========================================================================
Received Import Request.
  Time since last request: 0.000037 seconds.
  path: Assets/BigManJD/Platformer Tileset - Pixelart Grasslands/Tile Palette/Tiles/DirtBackgroundTiles_21.asset
  artifactKey: Guid(e51342904ca06ea49a41f72e7cb02657) Importer(815301076,1909f56bfc062723c751e8b465ee728b)
Start importing Assets/BigManJD/Platformer Tileset - Pixelart Grasslands/Tile Palette/Tiles/DirtBackgroundTiles_21.asset using Guid(e51342904ca06ea49a41f72e7cb02657) Importer(815301076,1909f56bfc062723c751e8b465ee728b) (PreviewImporter) -> (artifact id: '9f58915f468eba0c340e5678d605aca5') in 0.0086461 seconds
Number of updated asset objects reloaded before import = 0Number of asset objects unloaded after import = 3

========================================================================
Received Import Request.
  Time since last request: 0.000025 seconds.
  path: Assets/BigManJD/Platformer Tileset - Pixelart Grasslands/Tile Palette/Tiles/DirtBackgroundTiles_17.asset
  artifactKey: Guid(52efc029a481be7489c419f1f099369c) Importer(815301076,1909f56bfc062723c751e8b465ee728b)
Start importing Assets/BigManJD/Platformer Tileset - Pixelart Grasslands/Tile Palette/Tiles/DirtBackgroundTiles_17.asset using Guid(52efc029a481be7489c419f1f099369c) Importer(815301076,1909f56bfc062723c751e8b465ee728b) (PreviewImporter) -> (artifact id: '1dc4fac8a4eaff0e84b48c8d4a5874c4') in 0.007802 seconds
Number of updated asset objects reloaded before import = 0Number of asset objects unloaded after import = 3

========================================================================
Received Import Request.
  Time since last request: 0.000024 seconds.
  path: Assets/BigManJD/Platformer Tileset - Pixelart Grasslands/Tile Palette/Tiles/DirtBackgroundTiles_26.asset
  artifactKey: Guid(c7155d854f316ce43ac82e08c74128b5) Importer(815301076,1909f56bfc062723c751e8b465ee728b)
Start importing Assets/BigManJD/Platformer Tileset - Pixelart Grasslands/Tile Palette/Tiles/DirtBackgroundTiles_26.asset using Guid(c7155d854f316ce43ac82e08c74128b5) Importer(815301076,1909f56bfc062723c751e8b465ee728b) (PreviewImporter) -> (artifact id: '4ba5b4414baf7788768ca9f6c64d3fd7') in 0.0195057 seconds
Number of updated asset objects reloaded before import = 0Number of asset objects unloaded after import = 3

========================================================================
Received Import Request.
  Time since last request: 0.000017 seconds.
  path: Assets/BigManJD/Platformer Tileset - Pixelart Grasslands/Tile Palette/Tiles/DirtBackgroundTiles_34.asset
  artifactKey: Guid(34331f621e255a147b66852778eac7bd) Importer(815301076,1909f56bfc062723c751e8b465ee728b)
Start importing Assets/BigManJD/Platformer Tileset - Pixelart Grasslands/Tile Palette/Tiles/DirtBackgroundTiles_34.asset using Guid(34331f621e255a147b66852778eac7bd) Importer(815301076,1909f56bfc062723c751e8b465ee728b) (PreviewImporter) -> (artifact id: 'cd01f4b2bf075b5f2d007ae6b2922ceb') in 0.018749 seconds
Number of updated asset objects reloaded before import = 0Number of asset objects unloaded after import = 3

========================================================================
Received Import Request.
  Time since last request: 0.000032 seconds.
  path: Assets/BigManJD/Platformer Tileset - Pixelart Grasslands/Tile Palette/Tiles/DirtBackgroundTiles_15.asset
  artifactKey: Guid(67daccb121f2e1745a92532d52e9566b) Importer(815301076,1909f56bfc062723c751e8b465ee728b)
Start importing Assets/BigManJD/Platformer Tileset - Pixelart Grasslands/Tile Palette/Tiles/DirtBackgroundTiles_15.asset using Guid(67daccb121f2e1745a92532d52e9566b) Importer(815301076,1909f56bfc062723c751e8b465ee728b) (PreviewImporter) -> (artifact id: '5d76761e5c9349c66df69c15a06a2d7f') in 0.0080653 seconds
Number of updated asset objects reloaded before import = 0Number of asset objects unloaded after import = 3

========================================================================
Received Import Request.
  Time since last request: 0.000024 seconds.
  path: Assets/BigManJD/Platformer Tileset - Pixelart Grasslands/Tile Palette/Tiles/DirtBackgroundTiles_35.asset
  artifactKey: Guid(fc604130e16507d4e995efd42f1ddaa8) Importer(815301076,1909f56bfc062723c751e8b465ee728b)
Start importing Assets/BigManJD/Platformer Tileset - Pixelart Grasslands/Tile Palette/Tiles/DirtBackgroundTiles_35.asset using Guid(fc604130e16507d4e995efd42f1ddaa8) Importer(815301076,1909f56bfc062723c751e8b465ee728b) (PreviewImporter) -> (artifact id: '8737e8a51921db3fdf728ef45db92f4d') in 0.0065518 seconds
Number of updated asset objects reloaded before import = 0Number of asset objects unloaded after import = 3

========================================================================
Received Import Request.
  Time since last request: 0.000034 seconds.
  path: Assets/BigManJD/Platformer Tileset - Pixelart Grasslands/Tile Palette/Tiles/DirtBackgroundTiles_40.asset
  artifactKey: Guid(4ae95cbe4e75b14479ac983f7b43402b) Importer(815301076,1909f56bfc062723c751e8b465ee728b)
Start importing Assets/BigManJD/Platformer Tileset - Pixelart Grasslands/Tile Palette/Tiles/DirtBackgroundTiles_40.asset using Guid(4ae95cbe4e75b14479ac983f7b43402b) Importer(815301076,1909f56bfc062723c751e8b465ee728b) (PreviewImporter) -> (artifact id: 'd0801322cbfb62b5c2019b8cdd00bd56') in 0.025973 seconds
Number of updated asset objects reloaded before import = 0Number of asset objects unloaded after import = 3

========================================================================
Received Import Request.
  Time since last request: 0.000024 seconds.
  path: Assets/BigManJD/Platformer Tileset - Pixelart Grasslands/Tile Palette/Tiles/DirtBackgroundTiles_7.asset
  artifactKey: Guid(d7067a3c940d2b94abfb164bf3b8a314) Importer(815301076,1909f56bfc062723c751e8b465ee728b)
Start importing Assets/BigManJD/Platformer Tileset - Pixelart Grasslands/Tile Palette/Tiles/DirtBackgroundTiles_7.asset using Guid(d7067a3c940d2b94abfb164bf3b8a314) Importer(815301076,1909f56bfc062723c751e8b465ee728b) (PreviewImporter) -> (artifact id: 'a8de6d14fc90f88187351cd57ee0a648') in 0.0097977 seconds
Number of updated asset objects reloaded before import = 0Number of asset objects unloaded after import = 3

========================================================================
Received Import Request.
  Time since last request: 0.000019 seconds.
  path: Assets/BigManJD/Platformer Tileset - Pixelart Grasslands/Tile Palette/Tiles/DirtBackgroundTiles_33.asset
  artifactKey: Guid(52fa74fe036365547bcfd17fea9b989b) Importer(815301076,1909f56bfc062723c751e8b465ee728b)
Start importing Assets/BigManJD/Platformer Tileset - Pixelart Grasslands/Tile Palette/Tiles/DirtBackgroundTiles_33.asset using Guid(52fa74fe036365547bcfd17fea9b989b) Importer(815301076,1909f56bfc062723c751e8b465ee728b) (PreviewImporter) -> (artifact id: '393b1bbf7bcef8f68c8ceec191a736a0') in 0.038789 seconds
Number of updated asset objects reloaded before import = 0Number of asset objects unloaded after import = 3

========================================================================
Received Import Request.
  Time since last request: 0.923179 seconds.
  path: Assets/BigManJD/Platformer Tileset - Pixelart Grasslands/Tile Palette/Tiles/DirtBackgroundTiles_41.asset
  artifactKey: Guid(07431814a355f0e40a96e4075a14c08c) Importer(815301076,1909f56bfc062723c751e8b465ee728b)
Start importing Assets/BigManJD/Platformer Tileset - Pixelart Grasslands/Tile Palette/Tiles/DirtBackgroundTiles_41.asset using Guid(07431814a355f0e40a96e4075a14c08c) Importer(815301076,1909f56bfc062723c751e8b465ee728b) (PreviewImporter) -> (artifact id: 'b57363068cece34cd7ef9fe26c8ebff9') in 0.0358483 seconds
Number of updated asset objects reloaded before import = 0Number of asset objects unloaded after import = 3

========================================================================
Received Import Request.
  Time since last request: 0.000019 seconds.
  path: Assets/BigManJD/Platformer Tileset - Pixelart Grasslands/Tile Palette/Tiles/DirtBackgroundTiles_44.asset
  artifactKey: Guid(4a70be65abbcded43a257187d843c8d5) Importer(815301076,1909f56bfc062723c751e8b465ee728b)
Start importing Assets/BigManJD/Platformer Tileset - Pixelart Grasslands/Tile Palette/Tiles/DirtBackgroundTiles_44.asset using Guid(4a70be65abbcded43a257187d843c8d5) Importer(815301076,1909f56bfc062723c751e8b465ee728b) (PreviewImporter) -> (artifact id: '29d05e4a4e1784d22cf1900025551ceb') in 0.0293482 seconds
Number of updated asset objects reloaded before import = 0Number of asset objects unloaded after import = 3

========================================================================
Received Import Request.
  Time since last request: 0.000024 seconds.
  path: Assets/BigManJD/Platformer Tileset - Pixelart Grasslands/Tile Palette/Tiles/DirtTiles_5.asset
  artifactKey: Guid(01757a4546b5ecb46894344a9526588d) Importer(815301076,1909f56bfc062723c751e8b465ee728b)
Start importing Assets/BigManJD/Platformer Tileset - Pixelart Grasslands/Tile Palette/Tiles/DirtTiles_5.asset using Guid(01757a4546b5ecb46894344a9526588d) Importer(815301076,1909f56bfc062723c751e8b465ee728b) (PreviewImporter) -> (artifact id: 'dded0fcd5eeb6bc15ee51be8839a1eb2') in 0.0265344 seconds
Number of updated asset objects reloaded before import = 0Number of asset objects unloaded after import = 3

========================================================================
Received Import Request.
  Time since last request: 0.000040 seconds.
  path: Assets/BigManJD/Platformer Tileset - Pixelart Grasslands/Tile Palette/Tiles/DirtTiles_6.asset
  artifactKey: Guid(326453df5f51ddf45b4cb576577d943b) Importer(815301076,1909f56bfc062723c751e8b465ee728b)
Start importing Assets/BigManJD/Platformer Tileset - Pixelart Grasslands/Tile Palette/Tiles/DirtTiles_6.asset using Guid(326453df5f51ddf45b4cb576577d943b) Importer(815301076,1909f56bfc062723c751e8b465ee728b) (PreviewImporter) -> (artifact id: 'e8630396fa4544c7de49d3bcbf9a4301') in 0.0064351 seconds
Number of updated asset objects reloaded before import = 0Number of asset objects unloaded after import = 3

========================================================================
Received Import Request.
  Time since last request: 0.000023 seconds.
  path: Assets/BigManJD/Platformer Tileset - Pixelart Grasslands/Tile Palette/Tiles/DirtTiles_10.asset
  artifactKey: Guid(e34e4554f1592404ab9900afdb78087d) Importer(815301076,1909f56bfc062723c751e8b465ee728b)
Start importing Assets/BigManJD/Platformer Tileset - Pixelart Grasslands/Tile Palette/Tiles/DirtTiles_10.asset using Guid(e34e4554f1592404ab9900afdb78087d) Importer(815301076,1909f56bfc062723c751e8b465ee728b) (PreviewImporter) -> (artifact id: 'ea1ae46c5a5289959ac089bbac5b6dc3') in 0.0209415 seconds
Number of updated asset objects reloaded before import = 0Number of asset objects unloaded after import = 3

========================================================================
Received Import Request.
  Time since last request: 0.000048 seconds.
  path: Assets/BigManJD/Platformer Tileset - Pixelart Grasslands/Tile Palette/Tiles/DirtTiles_2.asset
  artifactKey: Guid(3085c91a9081e584fb7e879ac76c9eca) Importer(815301076,1909f56bfc062723c751e8b465ee728b)
Start importing Assets/BigManJD/Platformer Tileset - Pixelart Grasslands/Tile Palette/Tiles/DirtTiles_2.asset using Guid(3085c91a9081e584fb7e879ac76c9eca) Importer(815301076,1909f56bfc062723c751e8b465ee728b) (PreviewImporter) -> (artifact id: 'adca96fb56921c54596766426e579a6d') in 0.0228409 seconds
Number of updated asset objects reloaded before import = 0Number of asset objects unloaded after import = 3

========================================================================
Received Import Request.
  Time since last request: 0.071309 seconds.
  path: Assets/BigManJD/Platformer Tileset - Pixelart Grasslands/Tile Palette/Tiles/DirtTiles_12.asset
  artifactKey: Guid(e47ce4d3456e38645a79fb703e8003f9) Importer(815301076,1909f56bfc062723c751e8b465ee728b)
Start importing Assets/BigManJD/Platformer Tileset - Pixelart Grasslands/Tile Palette/Tiles/DirtTiles_12.asset using Guid(e47ce4d3456e38645a79fb703e8003f9) Importer(815301076,1909f56bfc062723c751e8b465ee728b) (PreviewImporter) -> (artifact id: 'adc5c0511b86cfe59a3afb984fab5205') in 0.0264771 seconds
Number of updated asset objects reloaded before import = 0Number of asset objects unloaded after import = 3

========================================================================
Received Import Request.
  Time since last request: 0.000014 seconds.
  path: Assets/BigManJD/Platformer Tileset - Pixelart Grasslands/Tile Palette/Tiles/DirtTiles_19.asset
  artifactKey: Guid(fb182eb18ef66b247885af315c18db00) Importer(815301076,1909f56bfc062723c751e8b465ee728b)
Start importing Assets/BigManJD/Platformer Tileset - Pixelart Grasslands/Tile Palette/Tiles/DirtTiles_19.asset using Guid(fb182eb18ef66b247885af315c18db00) Importer(815301076,1909f56bfc062723c751e8b465ee728b) (PreviewImporter) -> (artifact id: 'e27b60789d19f41a55de5d71db438f2f') in 0.0295853 seconds
Number of updated asset objects reloaded before import = 0Number of asset objects unloaded after import = 3

========================================================================
Received Import Request.
  Time since last request: 0.000019 seconds.
  path: Assets/BigManJD/Platformer Tileset - Pixelart Grasslands/Tile Palette/Tiles/DirtTiles_22.asset
  artifactKey: Guid(7f7c6e4b6b5214542bc66fb2ede0fa0e) Importer(815301076,1909f56bfc062723c751e8b465ee728b)
Start importing Assets/BigManJD/Platformer Tileset - Pixelart Grasslands/Tile Palette/Tiles/DirtTiles_22.asset using Guid(7f7c6e4b6b5214542bc66fb2ede0fa0e) Importer(815301076,1909f56bfc062723c751e8b465ee728b) (PreviewImporter) -> (artifact id: '717ed1505c3745925c25e6a31414762c') in 0.0148861 seconds
Number of updated asset objects reloaded before import = 0Number of asset objects unloaded after import = 3

========================================================================
Received Import Request.
  Time since last request: 0.000027 seconds.
  path: Assets/BigManJD/Platformer Tileset - Pixelart Grasslands/Tile Palette/Tiles/DirtTiles_23.asset
  artifactKey: Guid(6cdf234b23c203945869a8dd445597b9) Importer(815301076,1909f56bfc062723c751e8b465ee728b)
Start importing Assets/BigManJD/Platformer Tileset - Pixelart Grasslands/Tile Palette/Tiles/DirtTiles_23.asset using Guid(6cdf234b23c203945869a8dd445597b9) Importer(815301076,1909f56bfc062723c751e8b465ee728b) (PreviewImporter) -> (artifact id: 'ffd37f92a104cb6f8c039ed99bf92abe') in 0.0229967 seconds
Number of updated asset objects reloaded before import = 0Number of asset objects unloaded after import = 3

========================================================================
Received Import Request.
  Time since last request: 0.000024 seconds.
  path: Assets/BigManJD/Platformer Tileset - Pixelart Grasslands/Tile Palette/Tiles/DirtTiles_25.asset
  artifactKey: Guid(1ce27af779c7dd04db5b60a01e93f96b) Importer(815301076,1909f56bfc062723c751e8b465ee728b)
Start importing Assets/BigManJD/Platformer Tileset - Pixelart Grasslands/Tile Palette/Tiles/DirtTiles_25.asset using Guid(1ce27af779c7dd04db5b60a01e93f96b) Importer(815301076,1909f56bfc062723c751e8b465ee728b) (PreviewImporter) -> (artifact id: '7ae166831f5373bb94f164a895473b93') in 0.0217203 seconds
Number of updated asset objects reloaded before import = 0Number of asset objects unloaded after import = 3

========================================================================
Received Import Request.
  Time since last request: 0.075289 seconds.
  path: Assets/BigManJD/Platformer Tileset - Pixelart Grasslands/Tile Palette/Tiles/DirtTiles_28.asset
  artifactKey: Guid(9c62ddb10e477dd4caf0d83da69dd9a5) Importer(815301076,1909f56bfc062723c751e8b465ee728b)
Start importing Assets/BigManJD/Platformer Tileset - Pixelart Grasslands/Tile Palette/Tiles/DirtTiles_28.asset using Guid(9c62ddb10e477dd4caf0d83da69dd9a5) Importer(815301076,1909f56bfc062723c751e8b465ee728b) (PreviewImporter) -> (artifact id: 'c0e6da0ff151edf26bba61e018594f69') in 0.0206778 seconds
Number of updated asset objects reloaded before import = 0Number of asset objects unloaded after import = 3

========================================================================
Received Import Request.
  Time since last request: 0.000019 seconds.
  path: Assets/BigManJD/Platformer Tileset - Pixelart Grasslands/Tile Palette/Tiles/DirtTiles_33.asset
  artifactKey: Guid(d2ca3f03e0fbfee478695bee25fd1bf5) Importer(815301076,1909f56bfc062723c751e8b465ee728b)
Start importing Assets/BigManJD/Platformer Tileset - Pixelart Grasslands/Tile Palette/Tiles/DirtTiles_33.asset using Guid(d2ca3f03e0fbfee478695bee25fd1bf5) Importer(815301076,1909f56bfc062723c751e8b465ee728b) (PreviewImporter) -> (artifact id: '0dc28423e5786c67e662f15f3c7eb8c1') in 0.0214782 seconds
Number of updated asset objects reloaded before import = 0Number of asset objects unloaded after import = 3

========================================================================
Received Import Request.
  Time since last request: 0.000022 seconds.
  path: Assets/BigManJD/Platformer Tileset - Pixelart Grasslands/Tile Palette/Tiles/DirtTiles_41.asset
  artifactKey: Guid(8a304e1f4e351ed4d8657043e4b9124c) Importer(815301076,1909f56bfc062723c751e8b465ee728b)
Start importing Assets/BigManJD/Platformer Tileset - Pixelart Grasslands/Tile Palette/Tiles/DirtTiles_41.asset using Guid(8a304e1f4e351ed4d8657043e4b9124c) Importer(815301076,1909f56bfc062723c751e8b465ee728b) (PreviewImporter) -> (artifact id: '300ebea7b83bb6d099b184a52acf31b4') in 0.0213407 seconds
Number of updated asset objects reloaded before import = 0Number of asset objects unloaded after import = 3

========================================================================
Received Import Request.
  Time since last request: 0.000024 seconds.
  path: Assets/BigManJD/Platformer Tileset - Pixelart Grasslands/Tile Palette/Tiles/DirtTiles_43.asset
  artifactKey: Guid(329f708a11a1afd4e8c1732708a668c5) Importer(815301076,1909f56bfc062723c751e8b465ee728b)
Start importing Assets/BigManJD/Platformer Tileset - Pixelart Grasslands/Tile Palette/Tiles/DirtTiles_43.asset using Guid(329f708a11a1afd4e8c1732708a668c5) Importer(815301076,1909f56bfc062723c751e8b465ee728b) (PreviewImporter) -> (artifact id: '49bce8bf6da18b176fa861c715f1f0c2') in 0.0298916 seconds
Number of updated asset objects reloaded before import = 0Number of asset objects unloaded after import = 3

========================================================================
Received Import Request.
  Time since last request: 0.000034 seconds.
  path: Assets/BigManJD/Platformer Tileset - Pixelart Grasslands/Tile Palette/Tiles/DirtTiles_34.asset
  artifactKey: Guid(013bb3ca87f257848bc19cd831231636) Importer(815301076,1909f56bfc062723c751e8b465ee728b)
Start importing Assets/BigManJD/Platformer Tileset - Pixelart Grasslands/Tile Palette/Tiles/DirtTiles_34.asset using Guid(013bb3ca87f257848bc19cd831231636) Importer(815301076,1909f56bfc062723c751e8b465ee728b) (PreviewImporter) -> (artifact id: '6ea663c04d68dfdf7291731b2f0e0349') in 0.0221863 seconds
Number of updated asset objects reloaded before import = 0Number of asset objects unloaded after import = 3

========================================================================
Received Import Request.
  Time since last request: 548.142291 seconds.
  path: Assets/BigManJD/Platformer Tileset - Pixelart Grasslands/Tile Palette/Tiles
  artifactKey: Guid(8cb3e0608e7a4ea4e8c5a425d0e8e93e) Importer(815301076,1909f56bfc062723c751e8b465ee728b)
Start importing Assets/BigManJD/Platformer Tileset - Pixelart Grasslands/Tile Palette/Tiles using Guid(8cb3e0608e7a4ea4e8c5a425d0e8e93e) Importer(815301076,1909f56bfc062723c751e8b465ee728b) (PreviewImporter) -> (artifact id: '8576acf75433a45163afbbc34c392271') in 0.0028875 seconds
Number of updated asset objects reloaded before import = 0Number of asset objects unloaded after import = 0

========================================================================
Received Import Request.
  Time since last request: 247.515915 seconds.
  path: Assets/TilesMap/MyTiles.prefab
  artifactKey: Guid(14132ea30acfd824d99013b1ed78c857) Importer(815301076,1909f56bfc062723c751e8b465ee728b)
Start importing Assets/TilesMap/MyTiles.prefab using Guid(14132ea30acfd824d99013b1ed78c857) Importer(815301076,1909f56bfc062723c751e8b465ee728b) (PreviewImporter) -> (artifact id: '0fa2111e3584d424a1b9026e85a518b4') in 6.0859119 seconds
Number of updated asset objects reloaded before import = 0Number of asset objects unloaded after import = 546

========================================================================
Received Import Request.
  Time since last request: 25.172066 seconds.
  path: Assets/TilesMap/TileMaps.prefab
  artifactKey: Guid(c75f01af069d49e4e88d078e10918e90) Importer(815301076,1909f56bfc062723c751e8b465ee728b)
Start importing Assets/TilesMap/TileMaps.prefab using Guid(c75f01af069d49e4e88d078e10918e90) Importer(815301076,1909f56bfc062723c751e8b465ee728b) (PreviewImporter) -> (artifact id: '24380ec5dc66ed69bd3acdcbced50086') in 0.0297779 seconds
Number of updated asset objects reloaded before import = 0Number of asset objects unloaded after import = 10

========================================================================
Received Import Request.
  Time since last request: 7.131851 seconds.
  path: Assets/BigManJD/Platformer Tileset - Pixelart Grasslands/Tile Palette/Platformer Palette.prefab
  artifactKey: Guid(572c26a0233c5634d87e192be0336ad0) Importer(815301076,1909f56bfc062723c751e8b465ee728b)
Start importing Assets/BigManJD/Platformer Tileset - Pixelart Grasslands/Tile Palette/Platformer Palette.prefab using Guid(572c26a0233c5634d87e192be0336ad0) Importer(815301076,1909f56bfc062723c751e8b465ee728b) (PreviewImporter) -> (artifact id: 'c0ee773c8ff073b2d8441f25fdb9ff01') in 0.1022704 seconds
Number of updated asset objects reloaded before import = 0Number of asset objects unloaded after import = 530

========================================================================
Received Import Request.
  Time since last request: 833.735560 seconds.
  path: Assets/Textures/brickTile.asset
  artifactKey: Guid(f0ced3716ad3f22429cf9716748531fe) Importer(815301076,1909f56bfc062723c751e8b465ee728b)
Start importing Assets/Textures/brickTile.asset using Guid(f0ced3716ad3f22429cf9716748531fe) Importer(815301076,1909f56bfc062723c751e8b465ee728b) (PreviewImporter) -> (artifact id: '1a4fb1b3377f13517669676d2354a716') in 0.0451844 seconds
Number of updated asset objects reloaded before import = 0Number of asset objects unloaded after import = 3

========================================================================
Received Import Request.
  Time since last request: 6.772577 seconds.
  path: Assets/BigManJD/Platformer Tileset - Pixelart Grasslands/Tile Palette/Platformer Palette.prefab
  artifactKey: Guid(572c26a0233c5634d87e192be0336ad0) Importer(815301076,1909f56bfc062723c751e8b465ee728b)
Start importing Assets/BigManJD/Platformer Tileset - Pixelart Grasslands/Tile Palette/Platformer Palette.prefab using Guid(572c26a0233c5634d87e192be0336ad0) Importer(815301076,1909f56bfc062723c751e8b465ee728b) (PreviewImporter) -> (artifact id: '330f28f1630affe0906b564d2f54b89e') in 5.4792071 seconds
Number of updated asset objects reloaded before import = 0Number of asset objects unloaded after import = 533

========================================================================
Received Import Request.
  Time since last request: 151.120655 seconds.
  path: Assets/BigManJD/Platformer Tileset - Pixelart Grasslands/Tile Palette/Platformer Palette.prefab
  artifactKey: Guid(572c26a0233c5634d87e192be0336ad0) Importer(815301076,1909f56bfc062723c751e8b465ee728b)
Start importing Assets/BigManJD/Platformer Tileset - Pixelart Grasslands/Tile Palette/Platformer Palette.prefab using Guid(572c26a0233c5634d87e192be0336ad0) Importer(815301076,1909f56bfc062723c751e8b465ee728b) (PreviewImporter) -> (artifact id: 'a02746ac78a52a6398df4e65856fd55f') in 0.1107735 seconds
Number of updated asset objects reloaded before import = 0Number of asset objects unloaded after import = 533

========================================================================
Received Import Request.
  Time since last request: 51.853153 seconds.
  path: Assets/BigManJD/Platformer Tileset - Pixelart Grasslands/Tile Palette/Platformer Palette.prefab
  artifactKey: Guid(572c26a0233c5634d87e192be0336ad0) Importer(815301076,1909f56bfc062723c751e8b465ee728b)
Start importing Assets/BigManJD/Platformer Tileset - Pixelart Grasslands/Tile Palette/Platformer Palette.prefab using Guid(572c26a0233c5634d87e192be0336ad0) Importer(815301076,1909f56bfc062723c751e8b465ee728b) (PreviewImporter) -> (artifact id: '29c75ce24a2e8e407ec085bacb33bd3a') in 0.1120979 seconds
Number of updated asset objects reloaded before import = 0Number of asset objects unloaded after import = 533

========================================================================
Received Import Request.
  Time since last request: 0.550830 seconds.
  path: Assets/BigManJD/Platformer Tileset - Pixelart Grasslands/Tile Palette/Platformer Palette.prefab
  artifactKey: Guid(572c26a0233c5634d87e192be0336ad0) Importer(815301076,1909f56bfc062723c751e8b465ee728b)
Start importing Assets/BigManJD/Platformer Tileset - Pixelart Grasslands/Tile Palette/Platformer Palette.prefab using Guid(572c26a0233c5634d87e192be0336ad0) Importer(815301076,1909f56bfc062723c751e8b465ee728b) (PreviewImporter) -> (artifact id: '2f275a0311e8de3c4984551c3eb7a0ec') in 0.1226287 seconds
Number of updated asset objects reloaded before import = 0Number of asset objects unloaded after import = 533

========================================================================
Received Import Request.
  Time since last request: 3.173170 seconds.
  path: Assets/BigManJD/Platformer Tileset - Pixelart Grasslands/Tile Palette/Platformer Palette.prefab
  artifactKey: Guid(572c26a0233c5634d87e192be0336ad0) Importer(815301076,1909f56bfc062723c751e8b465ee728b)
Start importing Assets/BigManJD/Platformer Tileset - Pixelart Grasslands/Tile Palette/Platformer Palette.prefab using Guid(572c26a0233c5634d87e192be0336ad0) Importer(815301076,1909f56bfc062723c751e8b465ee728b) (PreviewImporter) -> (artifact id: 'd2cfcd23e62dc7893fa5ac5ed9367ace') in 0.1113379 seconds
Number of updated asset objects reloaded before import = 0Number of asset objects unloaded after import = 533

========================================================================
Received Import Request.
  Time since last request: 3.936316 seconds.
  path: Assets/BigManJD/Platformer Tileset - Pixelart Grasslands/Tile Palette/Platformer Palette.prefab
  artifactKey: Guid(572c26a0233c5634d87e192be0336ad0) Importer(815301076,1909f56bfc062723c751e8b465ee728b)
Start importing Assets/BigManJD/Platformer Tileset - Pixelart Grasslands/Tile Palette/Platformer Palette.prefab using Guid(572c26a0233c5634d87e192be0336ad0) Importer(815301076,1909f56bfc062723c751e8b465ee728b) (PreviewImporter) -> (artifact id: 'a080ab0bd36549a5cc68e5a18e902ea9') in 0.1042535 seconds
Number of updated asset objects reloaded before import = 0Number of asset objects unloaded after import = 533

========================================================================
Received Import Request.
  Time since last request: 620.216150 seconds.
  path: Assets/Textures/ball.jpg
  artifactKey: Guid(deb2ab654e053da4b9c3ad0791403e50) Importer(815301076,1909f56bfc062723c751e8b465ee728b)
Start importing Assets/Textures/ball.jpg using Guid(deb2ab654e053da4b9c3ad0791403e50) Importer(815301076,1909f56bfc062723c751e8b465ee728b) (PreviewImporter) -> (artifact id: '71c1e92c6cecf9e6138536cefd23608e') in 0.0910027 seconds
Number of updated asset objects reloaded before import = 0Number of asset objects unloaded after import = 3

========================================================================
Received Prepare
Begin MonoManager ReloadAssembly
- Loaded All Assemblies, in  8.240 seconds
Script 'Camera' has the same name as built-in Unity component.
AddComponent and GetComponent will not work with this script.
Refreshing native plugins compatible for Editor in 1.87 ms, found 4 plugins.
Native extension for WindowsStandalone target not found
Mono: successfully reloaded assembly
- Finished resetting the current domain, in  1.630 seconds
Domain Reload Profiling: 9868ms
	BeginReloadAssembly (1109ms)
		ExecutionOrderSort (0ms)
		DisableScriptedObjects (42ms)
		BackupInstance (0ms)
		ReleaseScriptingObjects (1ms)
		CreateAndSetChildDomain (129ms)
	RebuildCommonClasses (344ms)
	RebuildNativeTypeToScriptingClass (12ms)
	initialDomainReloadingComplete (42ms)
	LoadAllAssembliesAndSetupDomain (6730ms)
		LoadAssemblies (7297ms)
		RebuildTransferFunctionScriptingTraits (0ms)
		AnalyzeDomain (307ms)
			TypeCache.Refresh (8ms)
				TypeCache.ScanAssembly (0ms)
			BuildScriptInfoCaches (278ms)
			ResolveRequiredComponents (14ms)
	FinalizeReload (1630ms)
		ReleaseScriptCaches (0ms)
		RebuildScriptCaches (0ms)
		SetupLoadedEditorAssemblies (1058ms)
			LogAssemblyErrors (0ms)
			InitializePlatformSupportModulesInManaged (3ms)
			SetLoadedEditorAssemblies (6ms)
			BeforeProcessingInitializeOnLoad (175ms)
			ProcessInitializeOnLoadAttributes (785ms)
			ProcessInitializeOnLoadMethodAttributes (83ms)
			AfterProcessingInitializeOnLoad (5ms)
			EditorAssembliesLoaded (0ms)
		ExecutionOrderSort2 (0ms)
		AwakeInstancesAfterBackupRestoration (16ms)
Refreshing native plugins compatible for Editor in 3.03 ms, found 4 plugins.
Preloading 0 native plugins for Editor in 0.00 ms.
Unloading 13 Unused Serialized files (Serialized files now loaded: 0)
Unloading 6626 unused Assets / (3.0 MB). Loaded Objects now: 7397.
Memory consumption went from 155.0 MB to 152.1 MB.
Total: 10.087700 ms (FindLiveObjects: 0.739600 ms CreateObjectMapping: 0.415300 ms MarkObjects: 6.608600 ms  DeleteObjects: 2.322600 ms)

Prepare: number of updated asset objects reloaded= 0
========================================================================
Received Prepare
Begin MonoManager ReloadAssembly
- Loaded All Assemblies, in  0.987 seconds
Script 'Camera' has the same name as built-in Unity component.
AddComponent and GetComponent will not work with this script.
Refreshing native plugins compatible for Editor in 2.25 ms, found 4 plugins.
Native extension for WindowsStandalone target not found
Mono: successfully reloaded assembly
- Finished resetting the current domain, in  1.364 seconds
Domain Reload Profiling: 2347ms
	BeginReloadAssembly (280ms)
		ExecutionOrderSort (0ms)
		DisableScriptedObjects (21ms)
		BackupInstance (0ms)
		ReleaseScriptingObjects (0ms)
		CreateAndSetChildDomain (64ms)
	RebuildCommonClasses (44ms)
	RebuildNativeTypeToScriptingClass (13ms)
	initialDomainReloadingComplete (35ms)
	LoadAllAssembliesAndSetupDomain (610ms)
		LoadAssemblies (498ms)
		RebuildTransferFunctionScriptingTraits (0ms)
		AnalyzeDomain (257ms)
			TypeCache.Refresh (8ms)
				TypeCache.ScanAssembly (0ms)
			BuildScriptInfoCaches (227ms)
			ResolveRequiredComponents (17ms)
	FinalizeReload (1364ms)
		ReleaseScriptCaches (0ms)
		RebuildScriptCaches (0ms)
		SetupLoadedEditorAssemblies (1111ms)
			LogAssemblyErrors (0ms)
			InitializePlatformSupportModulesInManaged (3ms)
			SetLoadedEditorAssemblies (8ms)
			BeforeProcessingInitializeOnLoad (171ms)
			ProcessInitializeOnLoadAttributes (833ms)
			ProcessInitializeOnLoadMethodAttributes (93ms)
			AfterProcessingInitializeOnLoad (4ms)
			EditorAssembliesLoaded (0ms)
		ExecutionOrderSort2 (0ms)
		AwakeInstancesAfterBackupRestoration (23ms)
Refreshing native plugins compatible for Editor in 2.46 ms, found 4 plugins.
Preloading 0 native plugins for Editor in 0.00 ms.
Unloading 13 Unused Serialized files (Serialized files now loaded: 0)
Unloading 6626 unused Assets / (3.5 MB). Loaded Objects now: 7399.
Memory consumption went from 154.9 MB to 151.4 MB.
Total: 12.633600 ms (FindLiveObjects: 0.822300 ms CreateObjectMapping: 0.373900 ms MarkObjects: 9.379000 ms  DeleteObjects: 2.056400 ms)

Prepare: number of updated asset objects reloaded= 0
========================================================================
Received Prepare
Begin MonoManager ReloadAssembly
- Loaded All Assemblies, in  1.075 seconds
Script 'Camera' has the same name as built-in Unity component.
AddComponent and GetComponent will not work with this script.
Refreshing native plugins compatible for Editor in 2.67 ms, found 4 plugins.
Native extension for WindowsStandalone target not found
Mono: successfully reloaded assembly
- Finished resetting the current domain, in  1.712 seconds
Domain Reload Profiling: 2785ms
	BeginReloadAssembly (260ms)
		ExecutionOrderSort (0ms)
		DisableScriptedObjects (15ms)
		BackupInstance (0ms)
		ReleaseScriptingObjects (0ms)
		CreateAndSetChildDomain (59ms)
	RebuildCommonClasses (41ms)
	RebuildNativeTypeToScriptingClass (12ms)
	initialDomainReloadingComplete (44ms)
	LoadAllAssembliesAndSetupDomain (716ms)
		LoadAssemblies (588ms)
		RebuildTransferFunctionScriptingTraits (0ms)
		AnalyzeDomain (264ms)
			TypeCache.Refresh (9ms)
				TypeCache.ScanAssembly (0ms)
			BuildScriptInfoCaches (239ms)
			ResolveRequiredComponents (12ms)
	FinalizeReload (1712ms)
		ReleaseScriptCaches (0ms)
		RebuildScriptCaches (0ms)
		SetupLoadedEditorAssemblies (1380ms)
			LogAssemblyErrors (0ms)
			InitializePlatformSupportModulesInManaged (5ms)
			SetLoadedEditorAssemblies (11ms)
			BeforeProcessingInitializeOnLoad (206ms)
			ProcessInitializeOnLoadAttributes (1042ms)
			ProcessInitializeOnLoadMethodAttributes (108ms)
			AfterProcessingInitializeOnLoad (7ms)
			EditorAssembliesLoaded (1ms)
		ExecutionOrderSort2 (0ms)
		AwakeInstancesAfterBackupRestoration (24ms)
Refreshing native plugins compatible for Editor in 2.35 ms, found 4 plugins.
Preloading 0 native plugins for Editor in 0.00 ms.
Unloading 13 Unused Serialized files (Serialized files now loaded: 0)
Unloading 6626 unused Assets / (4.3 MB). Loaded Objects now: 7401.
Memory consumption went from 154.9 MB to 150.6 MB.
Total: 13.685400 ms (FindLiveObjects: 0.652300 ms CreateObjectMapping: 0.554200 ms MarkObjects: 8.792600 ms  DeleteObjects: 3.683900 ms)

Prepare: number of updated asset objects reloaded= 0
========================================================================
Received Prepare
Begin MonoManager ReloadAssembly
- Loaded All Assemblies, in  0.909 seconds
Script 'Camera' has the same name as built-in Unity component.
AddComponent and GetComponent will not work with this script.
Refreshing native plugins compatible for Editor in 1.37 ms, found 4 plugins.
Native extension for WindowsStandalone target not found
Mono: successfully reloaded assembly
- Finished resetting the current domain, in  1.403 seconds
Domain Reload Profiling: 2309ms
	BeginReloadAssembly (231ms)
		ExecutionOrderSort (0ms)
		DisableScriptedObjects (16ms)
		BackupInstance (0ms)
		ReleaseScriptingObjects (0ms)
		CreateAndSetChildDomain (52ms)
	RebuildCommonClasses (45ms)
	RebuildNativeTypeToScriptingClass (12ms)
	initialDomainReloadingComplete (38ms)
	LoadAllAssembliesAndSetupDomain (579ms)
		LoadAssemblies (461ms)
		RebuildTransferFunctionScriptingTraits (0ms)
		AnalyzeDomain (237ms)
			TypeCache.Refresh (10ms)
				TypeCache.ScanAssembly (0ms)
			BuildScriptInfoCaches (206ms)
			ResolveRequiredComponents (16ms)
	FinalizeReload (1404ms)
		ReleaseScriptCaches (0ms)
		RebuildScriptCaches (0ms)
		SetupLoadedEditorAssemblies (1148ms)
			LogAssemblyErrors (0ms)
			InitializePlatformSupportModulesInManaged (4ms)
			SetLoadedEditorAssemblies (10ms)
			BeforeProcessingInitializeOnLoad (226ms)
			ProcessInitializeOnLoadAttributes (810ms)
			ProcessInitializeOnLoadMethodAttributes (93ms)
			AfterProcessingInitializeOnLoad (5ms)
			EditorAssembliesLoaded (0ms)
		ExecutionOrderSort2 (0ms)
		AwakeInstancesAfterBackupRestoration (13ms)
Refreshing native plugins compatible for Editor in 4.59 ms, found 4 plugins.
Preloading 0 native plugins for Editor in 0.00 ms.
Unloading 13 Unused Serialized files (Serialized files now loaded: 0)
Unloading 6626 unused Assets / (4.9 MB). Loaded Objects now: 7403.
Memory consumption went from 154.9 MB to 150.0 MB.
Total: 12.941900 ms (FindLiveObjects: 0.742000 ms CreateObjectMapping: 0.408200 ms MarkObjects: 7.614300 ms  DeleteObjects: 4.174600 ms)

Prepare: number of updated asset objects reloaded= 0
========================================================================
Received Prepare
Begin MonoManager ReloadAssembly
- Loaded All Assemblies, in  0.922 seconds
Script 'Camera' has the same name as built-in Unity component.
AddComponent and GetComponent will not work with this script.
Refreshing native plugins compatible for Editor in 2.61 ms, found 4 plugins.
Native extension for WindowsStandalone target not found
Mono: successfully reloaded assembly
- Finished resetting the current domain, in  1.560 seconds
Domain Reload Profiling: 2483ms
	BeginReloadAssembly (241ms)
		ExecutionOrderSort (0ms)
		DisableScriptedObjects (16ms)
		BackupInstance (0ms)
		ReleaseScriptingObjects (0ms)
		CreateAndSetChildDomain (60ms)
	RebuildCommonClasses (34ms)
	RebuildNativeTypeToScriptingClass (12ms)
	initialDomainReloadingComplete (29ms)
	LoadAllAssembliesAndSetupDomain (605ms)
		LoadAssemblies (421ms)
		RebuildTransferFunctionScriptingTraits (0ms)
		AnalyzeDomain (288ms)
			TypeCache.Refresh (7ms)
				TypeCache.ScanAssembly (0ms)
			BuildScriptInfoCaches (266ms)
			ResolveRequiredComponents (11ms)
	FinalizeReload (1561ms)
		ReleaseScriptCaches (0ms)
		RebuildScriptCaches (0ms)
		SetupLoadedEditorAssemblies (1260ms)
			LogAssemblyErrors (0ms)
			InitializePlatformSupportModulesInManaged (4ms)
			SetLoadedEditorAssemblies (11ms)
			BeforeProcessingInitializeOnLoad (221ms)
			ProcessInitializeOnLoadAttributes (924ms)
			ProcessInitializeOnLoadMethodAttributes (94ms)
			AfterProcessingInitializeOnLoad (6ms)
			EditorAssembliesLoaded (1ms)
		ExecutionOrderSort2 (0ms)
		AwakeInstancesAfterBackupRestoration (18ms)
Refreshing native plugins compatible for Editor in 1.88 ms, found 4 plugins.
Preloading 0 native plugins for Editor in 0.00 ms.
Unloading 13 Unused Serialized files (Serialized files now loaded: 0)
Unloading 6626 unused Assets / (3.9 MB). Loaded Objects now: 7405.
Memory consumption went from 154.9 MB to 151.0 MB.
Total: 10.964100 ms (FindLiveObjects: 0.856100 ms CreateObjectMapping: 0.373000 ms MarkObjects: 6.995100 ms  DeleteObjects: 2.737800 ms)

Prepare: number of updated asset objects reloaded= 0
========================================================================
Received Prepare
Begin MonoManager ReloadAssembly
- Loaded All Assemblies, in  7.964 seconds
Script 'Camera' has the same name as built-in Unity component.
AddComponent and GetComponent will not work with this script.
Refreshing native plugins compatible for Editor in 3.20 ms, found 4 plugins.
Native extension for WindowsStandalone target not found
Mono: successfully reloaded assembly
- Finished resetting the current domain, in  1.851 seconds
Domain Reload Profiling: 9816ms
	BeginReloadAssembly (998ms)
		ExecutionOrderSort (0ms)
		DisableScriptedObjects (25ms)
		BackupInstance (0ms)
		ReleaseScriptingObjects (0ms)
		CreateAndSetChildDomain (77ms)
	RebuildCommonClasses (319ms)
	RebuildNativeTypeToScriptingClass (17ms)
	initialDomainReloadingComplete (37ms)
	LoadAllAssembliesAndSetupDomain (6593ms)
		LoadAssemblies (7181ms)
		RebuildTransferFunctionScriptingTraits (0ms)
		AnalyzeDomain (249ms)
			TypeCache.Refresh (10ms)
				TypeCache.ScanAssembly (0ms)
			BuildScriptInfoCaches (217ms)
			ResolveRequiredComponents (17ms)
	FinalizeReload (1852ms)
		ReleaseScriptCaches (0ms)
		RebuildScriptCaches (0ms)
		SetupLoadedEditorAssemblies (1204ms)
			LogAssemblyErrors (0ms)
			InitializePlatformSupportModulesInManaged (2ms)
			SetLoadedEditorAssemblies (8ms)
			BeforeProcessingInitializeOnLoad (189ms)
			ProcessInitializeOnLoadAttributes (887ms)
			ProcessInitializeOnLoadMethodAttributes (111ms)
			AfterProcessingInitializeOnLoad (5ms)
			EditorAssembliesLoaded (0ms)
		ExecutionOrderSort2 (0ms)
		AwakeInstancesAfterBackupRestoration (23ms)
Refreshing native plugins compatible for Editor in 6.50 ms, found 4 plugins.
Preloading 0 native plugins for Editor in 0.00 ms.
Unloading 13 Unused Serialized files (Serialized files now loaded: 0)
Unloading 6626 unused Assets / (3.6 MB). Loaded Objects now: 7407.
Memory consumption went from 154.9 MB to 151.3 MB.
Total: 10.990500 ms (FindLiveObjects: 1.188100 ms CreateObjectMapping: 1.328400 ms MarkObjects: 6.380700 ms  DeleteObjects: 2.091100 ms)

Prepare: number of updated asset objects reloaded= 0
========================================================================
Received Prepare
Begin MonoManager ReloadAssembly
- Loaded All Assemblies, in  0.922 seconds
Script 'Camera' has the same name as built-in Unity component.
AddComponent and GetComponent will not work with this script.
Refreshing native plugins compatible for Editor in 2.39 ms, found 4 plugins.
Native extension for WindowsStandalone target not found
Mono: successfully reloaded assembly
- Finished resetting the current domain, in  1.618 seconds
Domain Reload Profiling: 2541ms
	BeginReloadAssembly (235ms)
		ExecutionOrderSort (0ms)
		DisableScriptedObjects (17ms)
		BackupInstance (0ms)
		ReleaseScriptingObjects (0ms)
		CreateAndSetChildDomain (49ms)
	RebuildCommonClasses (36ms)
	RebuildNativeTypeToScriptingClass (12ms)
	initialDomainReloadingComplete (26ms)
	LoadAllAssembliesAndSetupDomain (614ms)
		LoadAssemblies (469ms)
		RebuildTransferFunctionScriptingTraits (0ms)
		AnalyzeDomain (267ms)
			TypeCache.Refresh (12ms)
				TypeCache.ScanAssembly (0ms)
			BuildScriptInfoCaches (231ms)
			ResolveRequiredComponents (19ms)
	FinalizeReload (1619ms)
		ReleaseScriptCaches (0ms)
		RebuildScriptCaches (0ms)
		SetupLoadedEditorAssemblies (1312ms)
			LogAssemblyErrors (0ms)
			InitializePlatformSupportModulesInManaged (5ms)
			SetLoadedEditorAssemblies (12ms)
			BeforeProcessingInitializeOnLoad (199ms)
			ProcessInitializeOnLoadAttributes (983ms)
			ProcessInitializeOnLoadMethodAttributes (106ms)
			AfterProcessingInitializeOnLoad (7ms)
			EditorAssembliesLoaded (1ms)
		ExecutionOrderSort2 (0ms)
		AwakeInstancesAfterBackupRestoration (28ms)
Refreshing native plugins compatible for Editor in 2.36 ms, found 4 plugins.
Preloading 0 native plugins for Editor in 0.00 ms.
Unloading 13 Unused Serialized files (Serialized files now loaded: 0)
Unloading 6626 unused Assets / (3.9 MB). Loaded Objects now: 7409.
Memory consumption went from 154.9 MB to 151.0 MB.
Total: 12.288900 ms (FindLiveObjects: 0.659400 ms CreateObjectMapping: 0.462600 ms MarkObjects: 7.934000 ms  DeleteObjects: 3.230300 ms)

Prepare: number of updated asset objects reloaded= 0
